BLOCK00/SES002/SA002S12	SES002	2.39105	4.80474	2.41368
BLOCK00/SES002/SA002S13	SES002	3.49179	4.70718	1.21539
BLOCK00/SES002/SA002S23	SES002	2.19762	4.3848	2.18718
BLOCK00/SES002/SA002S26	SES002	2.15887	4.40338	2.24451
BLOCK00/SES002/SA002S28	SES002	2.97781	4.22318	1.24537
BLOCK00/SES007/SA007S14	SES007	2.93347	6.54794	3.61446
BLOCK00/SES007/SA007S15	SES007	2.13957	5.22599	3.08641
BLOCK00/SES007/SA007S24	SES007	2.69994	5.57232	2.87238
BLOCK00/SES007/SA007S27	SES007	2.06118	4.51197	2.45079
BLOCK00/SES007/SA007S29	SES007	1.8038	5.42813	3.62433
BLOCK00/SES008/SA008S11	SES008	2.78146	5.94291	3.16145
BLOCK00/SES008/SA008S12	SES008	1.83227	5.75819	3.92592
BLOCK00/SES008/SA008S19	SES008	2.82709	6.62033	3.79324
BLOCK00/SES008/SA008S22	SES008	1.8928	4.19386	2.30106
BLOCK00/SES008/SA008S29	SES008	3.42372	7.33246	3.90874
BLOCK01/SES014/SA014S10	SES014	2.87536	5.31866	2.44329
BLOCK01/SES014/SA014S12	SES014	3.30116	7.48402	4.18286
BLOCK01/SES014/SA014S24	SES014	2.10325	5.38162	3.27837
BLOCK01/SES014/SA014S26	SES014	2.83427	7.28393	4.44966
BLOCK01/SES014/SA014S28	SES014	4.73621	8.03588	3.29966
BLOCK01/SES016/SA016S12	SES016	2.81824	5.00603	2.18779
BLOCK01/SES016/SA016S13	SES016	3.2156	6.42334	3.20774
BLOCK01/SES016/SA016S22	SES016	3.22561	7.0576	3.83198
BLOCK01/SES016/SA016S25	SES016	3.18426	7.6734	4.48914
BLOCK01/SES016/SA016S27	SES016	3.21265	7.14305	3.9304
BLOCK01/SES019/SA019S13	SES019	3.58446	4.08931	0.504848
BLOCK01/SES019/SA019S14	SES019	2.91019	3.98537	1.07518
BLOCK01/SES019/SA019S22	SES019	3.60635	4.54298	0.93663
BLOCK01/SES019/SA019S25	SES019	3.6033	4.31912	0.715827
BLOCK01/SES019/SA019S29	SES019	4.79397	4.69245	-0.101522
BLOCK02/SES029/SA029S11	SES029	3.01423	6.66089	3.64666
BLOCK02/SES029/SA029S12	SES029	2.43988	6.25002	3.81014
BLOCK02/SES029/SA029S20	SES029	2.48079	6.05636	3.57557
BLOCK02/SES029/SA029S25	SES029	1.94361	6.69108	4.74747
BLOCK02/SES029/SA029S28	SES029	2.10778	5.87941	3.77163
BLOCK04/SES042/SA042S12	SES042	3.84716	6.29859	2.45143
BLOCK04/SES042/SA042S15	SES042	3.90893	6.71063	2.8017
BLOCK04/SES042/SA042S22	SES042	4.46202	7.22367	2.76165
BLOCK04/SES042/SA042S25	SES042	2.88631	4.27023	1.38392
BLOCK04/SES042/SA042S27	SES042	3.20071	6.16899	2.96828
BLOCK04/SES048/SA048S11	SES048	2.88588	6.42075	3.53488
BLOCK04/SES048/SA048S12	SES048	2.01048	5.13817	3.12769
BLOCK04/SES048/SA048S20	SES048	2.16774	5.62195	3.4542
BLOCK04/SES048/SA048S23	SES048	3.07223	5.32151	2.24928
BLOCK04/SES048/SA048S27	SES048	1.9786	6.02979	4.05119
BLOCK06/SES060/SA060S11	SES060	3.77535	7.48578	3.71044
BLOCK06/SES060/SA060S12	SES060	2.50273	6.31313	3.81041
BLOCK06/SES060/SA060S22	SES060	1.07741	4.36904	3.29163
BLOCK06/SES060/SA060S24	SES060	2.73369	6.98537	4.25167
BLOCK06/SES060/SA060S28	SES060	3.1742	7.87009	4.69589
BLOCK06/SES062/SA062S10	SES062	2.25092	5.44636	3.19544
BLOCK06/SES062/SA062S11	SES062	2.56997	5.92201	3.35204
BLOCK06/SES062/SA062S21	SES062	3.21752	7.87829	4.66077
BLOCK06/SES062/SA062S26	SES062	2.92594	6.8682	3.94226
BLOCK06/SES062/SA062S29	SES062	3.14532	7.88148	4.73616
BLOCK06/SES068/SA068S14	SES068	1.68786	5.77079	4.08293
BLOCK06/SES068/SA068S15	SES068	2.54588	6.84777	4.30189
BLOCK06/SES068/SA068S23	SES068	2.17716	5.78163	3.60447
BLOCK06/SES068/SA068S27	SES068	3.65908	7.35723	3.69816
BLOCK06/SES068/SA068S29	SES068	2.02274	6.05986	4.03712
BLOCK08/SES082/SA082S12	SES082	1.7357	3.34811	1.61241
BLOCK08/SES082/SA082S14	SES082	2.12043	3.34175	1.22133
BLOCK08/SES082/SA082S21	SES082	1.66784	3.57151	1.90367
BLOCK08/SES082/SA082S24	SES082	1.9955	4.49542	2.49992
BLOCK08/SES082/SA082S28	SES082	2.62566	4.02706	1.4014
BLOCK08/SES083/SA083S14	SES083	2.09093	5.72679	3.63586
BLOCK08/SES083/SA083S15	SES083	2.32285	6.33148	4.00863
BLOCK08/SES083/SA083S24	SES083	2.09787	5.67797	3.5801
BLOCK08/SES083/SA083S26	SES083	2.00504	5.05694	3.0519
BLOCK08/SES083/SA083S29	SES083	1.88359	5.49248	3.60889
BLOCK08/SES085/SA085S10	SES085	2.48641	6.5421	4.05569
BLOCK08/SES085/SA085S13	SES085	1.91951	5.54985	3.63034
BLOCK08/SES085/SA085S22	SES085	2.63596	6.8047	4.16874
BLOCK08/SES085/SA085S26	SES085	2.04294	7.06654	5.02361
BLOCK08/SES085/SA085S28	SES085	2.45853	6.59596	4.13743
BLOCK08/SES087/SA087S15	SES087	2.58874	4.55513	1.96638
BLOCK08/SES087/SA087S16	SES087	2.96003	4.852	1.89197
BLOCK08/SES087/SA087S24	SES087	2.70399	4.66702	1.96304
BLOCK08/SES087/SA087S26	SES087	2.58185	5.76239	3.18054
BLOCK08/SES087/SA087S29	SES087	3.15909	5.29437	2.13528
BLOCK09/SES099/SA099S15	SES099	3.06769	4.01016	0.942469
BLOCK09/SES099/SA099S16	SES099	2.53367	4.09775	1.56408
BLOCK09/SES099/SA099S24	SES099	2.38421	4.34884	1.96463
BLOCK09/SES099/SA099S26	SES099	2.58449	4.46069	1.87621
BLOCK09/SES099/SA099S29	SES099	2.90939	4.69148	1.78209
BLOCK10/SES101/SA101S11	SES101	2.21009	5.11957	2.90948
BLOCK10/SES101/SA101S13	SES101	3.61423	6.97967	3.36544
BLOCK10/SES101/SA101S22	SES101	2.84253	5.49781	2.65528
BLOCK10/SES101/SA101S24	SES101	2.29519	5.23561	2.94043
BLOCK10/SES101/SA101S28	SES101	2.93232	5.89105	2.95873
BLOCK10/SES104/SA104S11	SES104	3.22978	6.5179	3.28812
BLOCK10/SES104/SA104S12	SES104	3.37036	5.3607	1.99033
BLOCK10/SES104/SA104S21	SES104	3.72464	4.92938	1.20474
BLOCK10/SES104/SA104S24	SES104	2.08622	4.55782	2.4716
BLOCK10/SES104/SA104S28	SES104	3.43972	5.45066	2.01094
BLOCK10/SES105/SA105S12	SES105	2.35952	3.81662	1.45711
BLOCK10/SES105/SA105S13	SES105	2.3744	4.05281	1.6784
BLOCK10/SES105/SA105S22	SES105	1.65741	3.18824	1.53083
BLOCK10/SES105/SA105S26	SES105	2.69797	3.99087	1.2929
BLOCK10/SES105/SA105S29	SES105	2.82858	5.327	2.49842
BLOCK10/SES106/SA106S09	SES106	3.09673	3.31352	0.216796
BLOCK10/SES106/SA106S11	SES106	2.88845	4.62965	1.74119
BLOCK10/SES106/SA106S22	SES106	4.41274	4.08755	-0.325189
BLOCK10/SES106/SA106S27	SES106	2.83713	4.36614	1.52901
BLOCK10/SES106/SA106S29	SES106	1.93828	3.82464	1.88637
BLOCK11/SES117/SA117S12	SES117	1.95202	5.49471	3.54269
BLOCK11/SES117/SA117S13	SES117	1.55777	6.00755	4.44977
BLOCK11/SES117/SA117S23	SES117	2.30727	5.89355	3.58628
BLOCK11/SES117/SA117S25	SES117	2.24321	5.26098	3.01777
BLOCK11/SES117/SA117S28	SES117	2.14014	5.74685	3.60671
BLOCK12/SES120/SA120S08	SES120	1.76802	4.13439	2.36637
BLOCK12/SES120/SA120S11	SES120	1.92306	3.31545	1.39239
BLOCK12/SES120/SA120S22	SES120	1.42545	5.2848	3.85934
BLOCK12/SES120/SA120S24	SES120	1.43648	3.85699	2.42051
BLOCK12/SES120/SA120S28	SES120	0.839334	2.52335	1.68402
BLOCK12/SES125/SA125S13	SES125	3.41455	5.19622	1.78166
BLOCK12/SES125/SA125S14	SES125	1.94697	3.62042	1.67345
BLOCK12/SES125/SA125S25	SES125	2.59814	4.44165	1.84351
BLOCK12/SES125/SA125S27	SES125	3.34065	6.03545	2.69481
BLOCK12/SES125/SA125S29	SES125	2.93783	4.88612	1.94829
BLOCK12/SES127/SA127S11	SES127	1.85399	5.63505	3.78106
BLOCK12/SES127/SA127S12	SES127	1.40425	6.33484	4.93059
BLOCK12/SES127/SA127S23	SES127	1.46473	5.80749	4.34276
BLOCK12/SES127/SA127S25	SES127	1.67231	5.25804	3.58573
BLOCK12/SES127/SA127S27	SES127	2.32885	6.62088	4.29203
BLOCK12/SES129/SA129S11	SES129	2.65064	6.62608	3.97544
BLOCK12/SES129/SA129S12	SES129	2.71456	6.64563	3.93107
BLOCK12/SES129/SA129S22	SES129	2.19539	5.65947	3.46407
BLOCK12/SES129/SA129S27	SES129	2.57009	6.03338	3.46328
BLOCK12/SES129/SA129S29	SES129	2.3834	5.78326	3.39987
BLOCK14/SES142/SA142S11	SES142	3.12234	7.38139	4.25904
BLOCK14/SES142/SA142S12	SES142	2.11619	6.49153	4.37535
BLOCK14/SES142/SA142S24	SES142	2.29804	7.02501	4.72697
BLOCK14/SES142/SA142S27	SES142	2.41375	6.51463	4.10089
BLOCK14/SES142/SA142S29	SES142	2.64049	7.48471	4.84422
BLOCK14/SES143/SA143S12	SES143	2.31835	5.76507	3.44672
BLOCK14/SES143/SA143S13	SES143	2.12016	5.05824	2.93807
BLOCK14/SES143/SA143S23	SES143	2.06316	5.33261	3.26945
BLOCK14/SES143/SA143S25	SES143	2.60671	6.4846	3.87789
BLOCK14/SES143/SA143S28	SES143	2.08186	5.55351	3.47165
BLOCK14/SES144/SA144S09	SES144	1.95198	5.65419	3.70221
BLOCK14/SES144/SA144S11	SES144	2.54234	5.28594	2.74361
BLOCK14/SES144/SA144S21	SES144	1.0242	4.45304	3.42884
BLOCK14/SES144/SA144S25	SES144	1.29119	4.99289	3.70171
BLOCK14/SES144/SA144S29	SES144	1.24936	5.17105	3.92169
BLOCK14/SES146/SA146S14	SES146	2.07864	3.93923	1.86059
BLOCK14/SES146/SA146S15	SES146	1.69415	4.37193	2.67779
BLOCK14/SES146/SA146S24	SES146	2.05947	4.34514	2.28567
BLOCK14/SES146/SA146S26	SES146	2.77227	4.72808	1.95581
BLOCK14/SES146/SA146S29	SES146	1.83364	3.59595	1.76231
BLOCK14/SES147/SA147S11	SES147	2.77029	6.403	3.63271
BLOCK14/SES147/SA147S13	SES147	3.70122	7.13207	3.43085
BLOCK14/SES147/SA147S23	SES147	1.63327	5.75534	4.12207
BLOCK14/SES147/SA147S26	SES147	2.71044	5.78308	3.07264
BLOCK14/SES147/SA147S28	SES147	2.23808	6.4547	4.21663
BLOCK14/SES148/SA148S10	SES148	2.00812	5.64719	3.63906
BLOCK14/SES148/SA148S12	SES148	1.96257	4.7645	2.80193
BLOCK14/SES148/SA148S22	SES148	2.63408	6.84369	4.20961
BLOCK14/SES148/SA148S26	SES148	1.51623	5.68153	4.16529
BLOCK14/SES148/SA148S29	SES148	1.30325	4.70973	3.40648
BLOCK14/SES149/SA149S13	SES149	0.873807	4.07993	3.20612
BLOCK14/SES149/SA149S14	SES149	2.39017	5.88972	3.49955
BLOCK14/SES149/SA149S24	SES149	2.83885	5.8609	3.02204
BLOCK14/SES149/SA149S26	SES149	2.78055	6.36418	3.58363
BLOCK14/SES149/SA149S28	SES149	3.14617	6.94892	3.80275
BLOCK15/SES158/SA158S13	SES158	3.19051	3.78495	0.594444
BLOCK15/SES158/SA158S14	SES158	3.38676	3.40106	0.0142997
BLOCK15/SES158/SA158S23	SES158	3.02395	4.22331	1.19936
BLOCK15/SES158/SA158S26	SES158	3.59719	3.63316	0.0359738
BLOCK15/SES158/SA158S28	SES158	2.81613	3.3569	0.540769
BLOCK16/SES162/SA162S10	SES162	1.53	3.655	2.125
BLOCK16/SES162/SA162S11	SES162	2.19218	5.76612	3.57395
BLOCK16/SES162/SA162S21	SES162	2.64684	5.72271	3.07588
BLOCK16/SES162/SA162S24	SES162	2.47934	5.47908	2.99975
BLOCK16/SES162/SA162S27	SES162	2.54173	4.91888	2.37715
BLOCK16/SES167/SA167S14	SES167	2.09477	7.49481	5.40004
BLOCK16/SES167/SA167S15	SES167	2.0598	7.17359	5.11379
BLOCK16/SES167/SA167S21	SES167	2.54101	7.86626	5.32525
BLOCK16/SES167/SA167S25	SES167	1.6951	6.62866	4.93356
BLOCK16/SES167/SA167S29	SES167	2.90662	8.69159	5.78498
BLOCK17/SES172/SA172S12	SES172	2.69636	5.38519	2.68882
BLOCK17/SES172/SA172S13	SES172	2.91872	5.5041	2.58538
BLOCK17/SES172/SA172S23	SES172	2.93227	6.83891	3.90663
BLOCK17/SES172/SA172S27	SES172	2.7463	5.6105	2.8642
BLOCK17/SES172/SA172S29	SES172	3.41503	5.85328	2.43825
BLOCK17/SES175/SA175S11	SES175	2.24958	6.23633	3.98675
BLOCK17/SES175/SA175S13	SES175	2.84601	6.32295	3.47694
BLOCK17/SES175/SA175S23	SES175	2.89196	6.68083	3.78887
BLOCK17/SES175/SA175S25	SES175	1.73201	4.49375	2.76174
BLOCK17/SES175/SA175S28	SES175	2.89581	7.36739	4.47159
BLOCK17/SES177/SA177S15	SES177	2.1634	5.45577	3.29238
BLOCK17/SES177/SA177S17	SES177	2.07016	5.46663	3.39647
BLOCK17/SES177/SA177S23	SES177	1.39342	4.84206	3.44864
BLOCK17/SES177/SA177S26	SES177	2.67203	7.35946	4.68743
BLOCK17/SES177/SA177S28	SES177	1.87571	6.21624	4.34053
BLOCK18/SES180/SA180S13	SES180	1.40575	4.99061	3.58486
BLOCK18/SES180/SA180S15	SES180	1.84511	5.24733	3.40222
BLOCK18/SES180/SA180S24	SES180	2.39959	6.85202	4.45243
BLOCK18/SES180/SA180S26	SES180	2.30136	6.2148	3.91344
BLOCK18/SES180/SA180S29	SES180	1.96876	6.0322	4.06343
BLOCK18/SES183/SA183S13	SES183	2.10301	4.7564	2.65339
BLOCK18/SES183/SA183S14	SES183	0.870041	3.90135	3.03131
BLOCK18/SES183/SA183S24	SES183	2.37854	4.7317	2.35316
BLOCK18/SES183/SA183S27	SES183	2.12099	5.12241	3.00142
BLOCK18/SES183/SA183S29	SES183	2.11748	5.14127	3.02378
BLOCK18/SES187/SA187S13	SES187	1.73343	5.84832	4.11488
BLOCK18/SES187/SA187S14	SES187	1.78241	5.14514	3.36273
BLOCK18/SES187/SA187S24	SES187	2.40494	6.41773	4.01279
BLOCK18/SES187/SA187S27	SES187	1.73945	5.13263	3.39319
BLOCK18/SES187/SA187S29	SES187	2.26324	6.04299	3.77976
BLOCK18/SES189/SA189S10	SES189	2.55689	5.73221	3.17532
BLOCK18/SES189/SA189S13	SES189	2.30013	4.82024	2.52011
BLOCK18/SES189/SA189S24	SES189	3.24901	5.85928	2.61026
BLOCK18/SES189/SA189S26	SES189	2.18387	6.22591	4.04204
BLOCK18/SES189/SA189S29	SES189	2.83663	6.25441	3.41778
BLOCK20/SES202/SA202S12	SES202	1.75519	3.89481	2.13962
BLOCK20/SES202/SA202S14	SES202	2.79527	6.34854	3.55327
BLOCK20/SES202/SA202S24	SES202	2.0408	5.54901	3.50821
BLOCK20/SES202/SA202S27	SES202	2.73848	7.24436	4.50589
BLOCK20/SES202/SA202S29	SES202	2.6929	7.12489	4.43199
BLOCK20/SES206/SA206S15	SES206	0.91465	3.65155	2.7369
BLOCK20/SES206/SA206S17	SES206	3.05292	5.22329	2.17037
BLOCK20/SES206/SA206S24	SES206	3.97931	6.1591	2.17979
BLOCK20/SES206/SA206S27	SES206	3.37244	4.54125	1.16882
BLOCK20/SES206/SA206S29	SES206	2.6535	5.78155	3.12805
BLOCK22/SES226/SA226S12	SES226	2.2638	4.33479	2.07099
BLOCK22/SES226/SA226S13	SES226	0.986602	3.38744	2.40084
BLOCK22/SES226/SA226S20	SES226	2.41198	3.94509	1.53311
BLOCK22/SES226/SA226S23	SES226	3.04234	4.9735	1.93116
BLOCK22/SES226/SA226S28	SES226	2.41922	5.07503	2.65581
BLOCK25/SES259/SA259S13	SES259	4.30667	5.86372	1.55705
BLOCK25/SES259/SA259S14	SES259	3.1102	5.55152	2.44132
BLOCK25/SES259/SA259S22	SES259	2.84943	5.0283	2.17887
BLOCK25/SES259/SA259S24	SES259	2.86549	5.84428	2.97879
BLOCK25/SES259/SA259S28	SES259	3.10243	5.35962	2.25719
BLOCK27/SES270/SA270S14	SES270	3.20766	3.24656	0.0389049
BLOCK27/SES270/SA270S16	SES270	1.68015	3.1652	1.48506
BLOCK27/SES270/SA270S22	SES270	3.82856	4.52713	0.698567
BLOCK27/SES270/SA270S26	SES270	2.59747	2.65722	0.0597484
BLOCK27/SES270/SA270S28	SES270	2.61067	3.67379	1.06312
BLOCK27/SES275/SA275S17	SES275	2.26499	4.98771	2.72272
BLOCK27/SES275/SA275S18	SES275	1.84893	5.21541	3.36648
BLOCK27/SES275/SA275S24	SES275	2.20203	3.96169	1.75965
BLOCK27/SES275/SA275S26	SES275	2.27626	5.25245	2.97619
BLOCK27/SES275/SA275S28	SES275	2.36152	4.97353	2.61201
BLOCK29/SES292/SA292S10	SES292	1.98074	5.16738	3.18664
BLOCK29/SES292/SA292S12	SES292	2.45741	5.1202	2.66278
BLOCK29/SES292/SA292S22	SES292	1.92215	5.24297	3.32082
BLOCK29/SES292/SA292S24	SES292	2.19153	5.602	3.41047
BLOCK29/SES292/SA292S27	SES292	2.05759	5.53891	3.48132
BLOCK00/SES001/SA001S14	SES062	-0.689323	1.35989	2.04921
BLOCK00/SES001/SA001S14	SES082	-0.243125	1.80609	2.04921
BLOCK00/SES001/SA001S14	SES106	-0.0904424	1.95877	2.04921
BLOCK00/SES001/SA001S14	SES206	-0.0617005	1.98751	2.04921
BLOCK00/SES001/SA001S15	SES062	-1.66532	1.48798	3.1533
BLOCK00/SES001/SA001S15	SES104	-0.883311	2.26999	3.1533
BLOCK00/SES001/SA001S15	SES106	-0.679018	2.47428	3.1533
BLOCK00/SES001/SA001S15	SES206	-0.421679	2.73162	3.1533
BLOCK00/SES001/SA001S24	SES062	-1.35499	0.586764	1.94175
BLOCK00/SES001/SA001S24	SES082	-0.513423	1.42833	1.94175
BLOCK00/SES001/SA001S24	SES087	-0.203437	1.73831	1.94175
BLOCK00/SES001/SA001S24	SES206	-0.837291	1.10446	1.94175
BLOCK00/SES001/SA001S27	SES062	0.209953	3.69244	3.48249
BLOCK00/SES001/SA001S27	SES082	0.512821	3.99531	3.48249
BLOCK00/SES001/SA001S27	SES087	0.768408	4.25089	3.48249
BLOCK00/SES001/SA001S27	SES206	0.526856	4.00934	3.48249
BLOCK00/SES001/SA001S29	SES062	-1.03365	0.831739	1.86539
BLOCK00/SES001/SA001S29	SES082	0.209836	2.07523	1.86539
BLOCK00/SES001/SA001S29	SES158	0.326544	2.19194	1.86539
BLOCK00/SES001/SA001S29	SES206	-0.706769	1.15862	1.86539
BLOCK00/SES003/SA003S11	SES002	0.901148	2.92625	2.0251
BLOCK00/SES003/SA003S11	SES019	0.0310676	2.05617	2.0251
BLOCK00/SES003/SA003S11	SES082	0.677539	2.70264	2.0251
BLOCK00/SES003/SA003S11	SES125	0.00370884	2.02881	2.0251
BLOCK00/SES003/SA003S15	SES016	-0.904873	1.97953	2.8844
BLOCK00/SES003/SA003S15	SES019	-0.301699	2.5827	2.8844
BLOCK00/SES003/SA003S15	SES062	-0.575089	2.30931	2.8844
BLOCK00/SES003/SA003S15	SES206	0.17835	3.06275	2.8844
BLOCK00/SES003/SA003S22	SES002	0.0156708	2.47148	2.45581
BLOCK00/SES003/SA003S22	SES062	0.104725	2.56054	2.45581
BLOCK00/SES003/SA003S22	SES082	-0.100833	2.35498	2.45581
BLOCK00/SES003/SA003S22	SES087	-0.175015	2.2808	2.45581
BLOCK00/SES003/SA003S25	SES062	-1.0491	0.270636	1.31974
BLOCK00/SES003/SA003S25	SES082	0.506082	1.82582	1.31974
BLOCK00/SES003/SA003S25	SES087	0.551891	1.87163	1.31974
BLOCK00/SES003/SA003S25	SES206	0.137415	1.45715	1.31974
BLOCK00/SES003/SA003S29	SES002	-0.0687437	1.97985	2.04859
BLOCK00/SES003/SA003S29	SES062	-1.28717	0.761424	2.04859
BLOCK00/SES003/SA003S29	SES082	0.0592246	2.10782	2.04859
BLOCK00/SES003/SA003S29	SES087	-0.532718	1.51588	2.04859
BLOCK00/SES004/SA004S12	SES083	-0.198531	3.22247	3.421
BLOCK00/SES004/SA004S12	SES148	-0.453916	2.96708	3.421
BLOCK00/SES004/SA004S12	SES172	1.06825	4.48925	3.421
BLOCK00/SES004/SA004S12	SES292	-0.0775652	3.34343	3.421
BLOCK00/SES004/SA004S17	SES083	-0.013025	2.8949	2.90793
BLOCK00/SES004/SA004S17	SES162	0.594144	3.50207	2.90793
BLOCK00/SES004/SA004S17	SES172	0.543664	3.45159	2.90793
BLOCK00/SES004/SA004S17	SES292	-0.0236485	2.88428	2.90793
BLOCK00/SES004/SA004S24	SES083	-0.0750713	3.35994	3.43501
BLOCK00/SES004/SA004S24	SES148	-0.694813	2.7402	3.43501
BLOCK00/SES004/SA004S24	SES172	0.977102	4.41212	3.43501
BLOCK00/SES004/SA004S24	SES292	0.551247	3.98626	3.43501
BLOCK00/SES004/SA004S26	SES083	-0.388705	2.59813	2.98683
BLOCK00/SES004/SA004S26	SES127	0.348439	3.33527	2.98683
BLOCK00/SES004/SA004S26	SES148	-1.5435	1.44334	2.98683
BLOCK00/SES004/SA004S26	SES292	-0.44885	2.53798	2.98683
BLOCK00/SES004/SA004S28	SES083	0.985534	4.89329	3.90776
BLOCK00/SES004/SA004S28	SES127	1.33438	5.24214	3.90776
BLOCK00/SES004/SA004S28	SES187	1.73375	5.64151	3.90776
BLOCK00/SES004/SA004S28	SES292	0.299105	4.20686	3.90776
BLOCK00/SES006/SA006S10	SES014	-1.46148	-0.660058	0.80142
BLOCK00/SES006/SA006S10	SES158	-1.55971	-0.758288	0.80142
BLOCK00/SES006/SA006S10	SES226	-2.52559	-1.72417	0.80142
BLOCK00/SES006/SA006S10	SES270	-0.21536	0.586061	0.80142
BLOCK00/SES006/SA006S11	SES158	-1.50433	-0.386767	1.11756
BLOCK00/SES006/SA006S11	SES226	-1.6541	-0.53654	1.11756
BLOCK00/SES006/SA006S11	SES270	-0.734387	0.383174	1.11756
BLOCK00/SES006/SA006S11	SES275	-1.64078	-0.523223	1.11756
BLOCK00/SES006/SA006S23	SES062	-1.88072	0.810324	2.69105
BLOCK00/SES006/SA006S23	SES105	-2.33985	0.351191	2.69105
BLOCK00/SES006/SA006S23	SES158	-1.47742	1.21362	2.69105
BLOCK00/SES006/SA006S23	SES275	-1.23784	1.4532	2.69105
BLOCK00/SES006/SA006S26	SES104	-2.597	0.094832	2.69183
BLOCK00/SES006/SA006S26	SES158	-0.983945	1.70789	2.69183
BLOCK00/SES006/SA006S26	SES270	-0.37305	2.31878	2.69183
BLOCK00/SES006/SA006S26	SES275	-1.55969	1.13215	2.69183
BLOCK00/SES006/SA006S28	SES007	-1.77432	0.177304	1.95163
BLOCK00/SES006/SA006S28	SES105	-2.50167	-0.550046	1.95163
BLOCK00/SES006/SA006S28	SES158	-1.25942	0.692205	1.95163
BLOCK00/SES006/SA006S28	SES275	-1.54665	0.404976	1.95163
BLOCK00/SES009/SA009S12	SES083	-1.04714	2.31173	3.35887
BLOCK00/SES009/SA009S12	SES148	-0.854962	2.50391	3.35887
BLOCK00/SES009/SA009S12	SES177	0.260207	3.61907	3.35887
BLOCK00/SES009/SA009S12	SES292	-0.252984	3.10588	3.35887
BLOCK00/SES009/SA009S15	SES007	1.39555	5.17848	3.78293
BLOCK00/SES009/SA009S15	SES099	-1.47332	2.3096	3.78293
BLOCK00/SES009/SA009S15	SES148	-0.288185	3.49474	3.78293
BLOCK00/SES009/SA009S15	SES172	0.316717	4.09965	3.78293
BLOCK00/SES009/SA009S24	SES146	0.366305	3.58631	3.22001
BLOCK00/SES009/SA009S24	SES148	-0.750592	2.46942	3.22001
BLOCK00/SES009/SA009S24	SES177	1.05178	4.27179	3.22001
BLOCK00/SES009/SA009S24	SES292	0.541051	3.76106	3.22001
BLOCK00/SES009/SA009S26	SES083	-1.3059	1.71895	3.02485
BLOCK00/SES009/SA009S26	SES101	-1.16517	1.85968	3.02485
BLOCK00/SES009/SA009S26	SES120	-0.0599241	2.96493	3.02485
BLOCK00/SES009/SA009S26	SES177	0.367395	3.39225	3.02485
BLOCK00/SES009/SA009S29	SES083	-0.988389	2.98773	3.97612
BLOCK00/SES009/SA009S29	SES101	-0.997493	2.97863	3.97612
BLOCK00/SES009/SA009S29	SES177	0.153258	4.12938	3.97612
BLOCK00/SES009/SA009S29	SES292	-0.364511	3.61161	3.97612
BLOCK01/SES011/SA011S10	SES019	-0.164715	1.89012	2.05483
BLOCK01/SES011/SA011S10	SES042	1.03286	3.0877	2.05483
BLOCK01/SES011/SA011S10	SES082	-0.501941	1.55289	2.05483
BLOCK01/SES011/SA011S10	SES206	-0.130345	1.92449	2.05483
BLOCK01/SES011/SA011S11	SES019	-0.255322	0.96998	1.2253
BLOCK01/SES011/SA011S11	SES042	0.251825	1.47713	1.2253
BLOCK01/SES011/SA011S11	SES082	-0.592941	0.632362	1.2253
BLOCK01/SES011/SA011S11	SES206	-0.719246	0.506057	1.2253
BLOCK01/SES011/SA011S22	SES019	0.310021	1.8006	1.49058
BLOCK01/SES011/SA011S22	SES042	1.50095	2.99153	1.49058
BLOCK01/SES011/SA011S22	SES082	-0.311807	1.17877	1.49058
BLOCK01/SES011/SA011S22	SES206	-0.046768	1.44381	1.49058
BLOCK01/SES011/SA011S24	SES019	-0.669762	1.65621	2.32597
BLOCK01/SES011/SA011S24	SES042	1.56111	3.88708	2.32597
BLOCK01/SES011/SA011S24	SES104	-0.277352	2.04862	2.32597
BLOCK01/SES011/SA011S24	SES206	-0.00464439	2.32132	2.32597
BLOCK01/SES011/SA011S27	SES082	0.944468	2.4997	1.55523
BLOCK01/SES011/SA011S27	SES087	-0.199443	1.35579	1.55523
BLOCK01/SES011/SA011S27	SES125	-0.176824	1.37841	1.55523
BLOCK01/SES011/SA011S27	SES206	0.41664	1.97187	1.55523
BLOCK01/SES012/SA012S11	SES007	1.08799	4.59433	3.50634
BLOCK01/SES012/SA012S11	SES082	0.0193455	3.52569	3.50634
BLOCK01/SES012/SA012S11	SES083	-0.0500331	3.45631	3.50634
BLOCK01/SES012/SA012S11	SES206	-0.0893707	3.41697	3.50634
BLOCK01/SES012/SA012S14	SES082	0.664593	3.08904	2.42444
BLOCK01/SES012/SA012S14	SES087	-0.404712	2.01973	2.42444
BLOCK01/SES012/SA012S14	SES206	0.423031	2.84747	2.42444
BLOCK01/SES012/SA012S14	SES292	0.0774126	2.50186	2.42444
BLOCK01/SES012/SA012S24	SES082	1.00575	2.59122	1.58547
BLOCK01/SES012/SA012S24	SES087	-0.377419	1.20805	1.58547
BLOCK01/SES012/SA012S24	SES120	-0.587387	0.998082	1.58547
BLOCK01/SES012/SA012S24	SES206	0.634766	2.22023	1.58547
BLOCK01/SES012/SA012S26	SES019	-2.02141	0.964063	2.98547
BLOCK01/SES012/SA012S26	SES082	-0.283769	2.7017	2.98547
BLOCK01/SES012/SA012S26	SES206	0.70189	3.68736	2.98547
BLOCK01/SES012/SA012S26	SES292	0.454111	3.43958	2.98547
BLOCK01/SES012/SA012S29	SES062	-0.272461	3.03044	3.3029
BLOCK01/SES012/SA012S29	SES082	0.573746	3.87665	3.3029
BLOCK01/SES012/SA012S29	SES083	-0.30897	2.99393	3.3029
BLOCK01/SES012/SA012S29	SES206	0.552514	3.85541	3.3029
BLOCK01/SES013/SA013S16	SES062	-1.23533	0.72508	1.96041
BLOCK01/SES013/SA013S16	SES106	-0.0791794	1.88123	1.96041
BLOCK01/SES013/SA013S16	SES206	-0.167991	1.79242	1.96041
BLOCK01/SES013/SA013S16	SES226	0.0765262	2.03694	1.96041
BLOCK01/SES013/SA013S17	SES062	-0.449343	2.40274	2.85208
BLOCK01/SES013/SA013S17	SES106	-0.390646	2.46143	2.85208
BLOCK01/SES013/SA013S17	SES206	0.956889	3.80897	2.85208
BLOCK01/SES013/SA013S17	SES226	0.684868	3.53695	2.85208
BLOCK01/SES013/SA013S23	SES104	-0.471043	1.57742	2.04846
BLOCK01/SES013/SA013S23	SES106	-0.012511	2.03595	2.04846
BLOCK01/SES013/SA013S23	SES206	0.0743251	2.12279	2.04846
BLOCK01/SES013/SA013S23	SES270	0.5829	2.63136	2.04846
BLOCK01/SES013/SA013S25	SES042	-0.721683	1.79492	2.5166
BLOCK01/SES013/SA013S25	SES104	-0.255522	2.26108	2.5166
BLOCK01/SES013/SA013S25	SES106	0.465065	2.98166	2.5166
BLOCK01/SES013/SA013S25	SES206	0.0541203	2.57072	2.5166
BLOCK01/SES013/SA013S29	SES062	-1.3593	0.560573	1.91987
BLOCK01/SES013/SA013S29	SES104	-0.802369	1.1175	1.91987
BLOCK01/SES013/SA013S29	SES106	-0.071263	1.84861	1.91987
BLOCK01/SES013/SA013S29	SES206	-0.24386	1.67601	1.91987
BLOCK02/SES021/SA021S13	SES016	-1.58587	1.88428	3.47015
BLOCK02/SES021/SA021S13	SES029	0.440025	3.91018	3.47015
BLOCK02/SES021/SA021S13	SES087	-0.260929	3.20922	3.47015
BLOCK02/SES021/SA021S13	SES206	-0.402477	3.06768	3.47015
BLOCK02/SES021/SA021S15	SES087	0.432257	4.31425	3.882
BLOCK02/SES021/SA021S15	SES125	0.0231025	3.9051	3.882
BLOCK02/SES021/SA021S15	SES206	0.334991	4.21699	3.882
BLOCK02/SES021/SA021S15	SES226	-0.676285	3.20571	3.882
BLOCK02/SES021/SA021S23	SES062	-0.64577	0.681938	1.32771
BLOCK02/SES021/SA021S23	SES087	1.31653	2.64423	1.32771
BLOCK02/SES021/SA021S23	SES206	0.62623	1.95394	1.32771
BLOCK02/SES021/SA021S23	SES226	0.348127	1.67583	1.32771
BLOCK02/SES021/SA021S27	SES002	1.04455	4.20618	3.16163
BLOCK02/SES021/SA021S27	SES016	-1.65042	1.51121	3.16163
BLOCK02/SES021/SA021S27	SES019	0.350531	3.51216	3.16163
BLOCK02/SES021/SA021S27	SES062	0.55238	3.71401	3.16163
BLOCK02/SES021/SA021S29	SES087	0.870384	3.79264	2.92226
BLOCK02/SES021/SA021S29	SES125	1.02713	3.94939	2.92226
BLOCK02/SES021/SA021S29	SES206	1.1121	4.03436	2.92226
BLOCK02/SES021/SA021S29	SES226	-0.0545635	2.8677	2.92226
BLOCK04/SES043/SA043S09	SES083	-0.11034	2.60862	2.71896
BLOCK04/SES043/SA043S09	SES101	-0.101665	2.61729	2.71896
BLOCK04/SES043/SA043S09	SES144	0.325503	3.04446	2.71896
BLOCK04/SES043/SA043S09	SES172	-0.44602	2.27294	2.71896
BLOCK04/SES043/SA043S11	SES083	0.479225	4.22604	3.74682
BLOCK04/SES043/SA043S11	SES101	0.329723	4.07654	3.74682
BLOCK04/SES043/SA043S11	SES144	0.79496	4.54178	3.74682
BLOCK04/SES043/SA043S11	SES172	-0.175692	3.57113	3.74682
BLOCK04/SES043/SA043S23	SES083	0.414509	4.46589	4.05138
BLOCK04/SES043/SA043S23	SES144	0.893752	4.94514	4.05138
BLOCK04/SES043/SA043S23	SES177	-0.217665	3.83372	4.05138
BLOCK04/SES043/SA043S23	SES275	0.0403781	4.09176	4.05138
BLOCK04/SES043/SA043S26	SES083	-0.101488	3.08326	3.18474
BLOCK04/SES043/SA043S26	SES101	-0.0843391	3.1004	3.18474
BLOCK04/SES043/SA043S26	SES144	0.582519	3.76726	3.18474
BLOCK04/SES043/SA043S26	SES177	-0.283617	2.90113	3.18474
BLOCK04/SES043/SA043S28	SES016	-1.23989	2.72396	3.96385
BLOCK04/SES043/SA043S28	SES083	0.13108	4.09493	3.96385
BLOCK04/SES043/SA043S28	SES101	0.270548	4.2344	3.96385
BLOCK04/SES043/SA043S28	SES144	-0.325534	3.63832	3.96385
BLOCK04/SES044/SA044S10	SES127	-1.90947	0.0322009	1.94167
BLOCK04/SES044/SA044S10	SES144	0.261638	2.2033	1.94167
BLOCK04/SES044/SA044S10	SES147	-2.23796	-0.296295	1.94167
BLOCK04/SES044/SA044S10	SES148	-1.95074	-0.00907088	1.94167
BLOCK04/SES044/SA044S11	SES101	0.0511255	2.68699	2.63586
BLOCK04/SES044/SA044S11	SES144	0.776194	3.41206	2.63586
BLOCK04/SES044/SA044S11	SES147	-0.860035	1.77583	2.63586
BLOCK04/SES044/SA044S11	SES177	-0.471788	2.16408	2.63586
BLOCK04/SES044/SA044S24	SES007	-0.297596	2.25641	2.55401
BLOCK04/SES044/SA044S24	SES101	0.497989	3.052	2.55401
BLOCK04/SES044/SA044S24	SES147	-0.990851	1.56316	2.55401
BLOCK04/SES044/SA044S24	SES177	0.00623536	2.56024	2.55401
BLOCK04/SES044/SA044S26	SES007	-0.193984	2.8183	3.01229
BLOCK04/SES044/SA044S26	SES016	0.115943	3.12823	3.01229
BLOCK04/SES044/SA044S26	SES101	-0.0870607	2.92522	3.01229
BLOCK04/SES044/SA044S26	SES147	0.188315	3.2006	3.01229
BLOCK04/SES044/SA044S29	SES007	-0.854785	3.0399	3.89469
BLOCK04/SES044/SA044S29	SES101	0.228361	4.12305	3.89469
BLOCK04/SES044/SA044S29	SES147	-0.535595	3.3591	3.89469
BLOCK04/SES044/SA044S29	SES177	-1.13812	2.75657	3.89469
BLOCK04/SES046/SA046S13	SES101	0.507692	3.87662	3.36893
BLOCK04/SES046/SA046S13	SES144	0.540248	3.90918	3.36893
BLOCK04/SES046/SA046S13	SES147	-0.361283	3.00765	3.36893
BLOCK04/SES046/SA046S13	SES177	-0.0576904	3.31124	3.36893
BLOCK04/SES046/SA046S15	SES048	1.03777	4.8431	3.80534
BLOCK04/SES046/SA046S15	SES083	0.81619	4.62153	3.80534
BLOCK04/SES046/SA046S15	SES120	-0.794732	3.0106	3.80534
BLOCK04/SES046/SA046S15	SES148	0.317403	4.12274	3.80534
BLOCK04/SES046/SA046S22	SES101	0.574945	3.64853	3.07359
BLOCK04/SES046/SA046S22	SES144	0.581356	3.65494	3.07359
BLOCK04/SES046/SA046S22	SES147	-0.689408	2.38418	3.07359
BLOCK04/SES046/SA046S22	SES172	0.682214	3.7558	3.07359
BLOCK04/SES046/SA046S25	SES083	-0.526348	2.96825	3.4946
BLOCK04/SES046/SA046S25	SES127	-0.439461	3.05514	3.4946
BLOCK04/SES046/SA046S25	SES144	-1.22344	2.27116	3.4946
BLOCK04/SES046/SA046S25	SES148	-0.871972	2.62263	3.4946
BLOCK04/SES046/SA046S28	SES007	-0.230024	3.23047	3.4605
BLOCK04/SES046/SA046S28	SES105	-0.68289	2.77761	3.4605
BLOCK04/SES046/SA046S28	SES147	-0.100885	3.35961	3.4605
BLOCK04/SES046/SA046S28	SES148	-0.119569	3.34093	3.4605
BLOCK04/SES049/SA049S16	SES104	0.118566	0.697895	0.57933
BLOCK04/SES049/SA049S16	SES106	0.271945	0.851275	0.57933
BLOCK04/SES049/SA049S16	SES120	-0.501541	0.0777885	0.57933
BLOCK04/SES049/SA049S16	SES206	0.373121	0.952451	0.57933
BLOCK04/SES049/SA049S18	SES099	0.585717	0.570455	-0.0152623
BLOCK04/SES049/SA049S18	SES104	-0.758936	-0.774198	-0.0152623
BLOCK04/SES049/SA049S18	SES125	-0.85594	-0.871203	-0.0152623
BLOCK04/SES049/SA049S18	SES206	0.0463479	0.0310855	-0.0152623
BLOCK04/SES049/SA049S25	SES087	-0.468069	0.44043	0.908498
BLOCK04/SES049/SA049S25	SES104	0.34328	1.25178	0.908498
BLOCK04/SES049/SA049S25	SES125	-0.473491	0.435007	0.908498
BLOCK04/SES049/SA049S25	SES206	0.581812	1.49031	0.908498
BLOCK04/SES049/SA049S27	SES099	0.643927	2.51671	1.87278
BLOCK04/SES049/SA049S27	SES104	0.335721	2.2085	1.87278
BLOCK04/SES049/SA049S27	SES125	-0.218633	1.65415	1.87278
BLOCK04/SES049/SA049S27	SES206	-0.327248	1.54553	1.87278
BLOCK04/SES049/SA049S29	SES099	0.787521	3.03203	2.24451
BLOCK04/SES049/SA049S29	SES104	0.80656	3.05107	2.24451
BLOCK04/SES049/SA049S29	SES125	0.219289	2.4638	2.24451
BLOCK04/SES049/SA049S29	SES206	0.40148	2.64599	2.24451
BLOCK06/SES063/SA063S09	SES068	-0.33093	3.8082	4.13913
BLOCK06/SES063/SA063S09	SES083	0.0323744	4.1715	4.13913
BLOCK06/SES063/SA063S09	SES177	0.0965204	4.23565	4.13913
BLOCK06/SES063/SA063S09	SES187	-0.24921	3.88992	4.13913
BLOCK06/SES063/SA063S10	SES068	-1.06869	2.57692	3.64562
BLOCK06/SES063/SA063S10	SES083	-0.584025	3.06159	3.64562
BLOCK06/SES063/SA063S10	SES172	-0.722366	2.92325	3.64562
BLOCK06/SES063/SA063S10	SES187	-0.335749	3.30987	3.64562
BLOCK06/SES063/SA063S20	SES068	-0.706696	3.24128	3.94798
BLOCK06/SES063/SA063S20	SES083	0.398583	4.34656	3.94798
BLOCK06/SES063/SA063S20	SES172	0.467634	4.41561	3.94798
BLOCK06/SES063/SA063S20	SES187	0.107199	4.05518	3.94798
BLOCK06/SES063/SA063S24	SES029	0.104931	4.39207	4.28714
BLOCK06/SES063/SA063S24	SES083	1.13776	5.42491	4.28714
BLOCK06/SES063/SA063S24	SES177	1.10416	5.3913	4.28714
BLOCK06/SES063/SA063S24	SES189	0.659328	4.94647	4.28714
BLOCK06/SES063/SA063S27	SES083	0.587241	4.50072	3.91348
BLOCK06/SES063/SA063S27	SES172	0.00518727	3.91867	3.91348
BLOCK06/SES063/SA063S27	SES187	-0.196234	3.71725	3.91348
BLOCK06/SES063/SA063S27	SES292	-0.362561	3.55092	3.91348
BLOCK06/SES067/SA067S12	SES083	-0.649603	4.09192	4.74152
BLOCK06/SES067/SA067S12	SES172	-0.675582	4.06594	4.74152
BLOCK06/SES067/SA067S12	SES202	0.0859447	4.82747	4.74152
BLOCK06/SES067/SA067S12	SES292	-0.734687	4.00684	4.74152
BLOCK06/SES067/SA067S14	SES085	0.176404	5.55875	5.38234
BLOCK06/SES067/SA067S14	SES177	-0.327497	5.05485	5.38234
BLOCK06/SES067/SA067S14	SES183	0.777252	6.15959	5.38234
BLOCK06/SES067/SA067S14	SES202	0.360891	5.74323	5.38234
BLOCK06/SES067/SA067S21	SES144	0.355515	4.26513	3.90962
BLOCK06/SES067/SA067S21	SES177	0.515519	4.42514	3.90962
BLOCK06/SES067/SA067S21	SES183	0.420852	4.33047	3.90962
BLOCK06/SES067/SA067S21	SES189	0.26707	4.17669	3.90962
BLOCK06/SES067/SA067S25	SES085	0.51631	4.92485	4.40854
BLOCK06/SES067/SA067S25	SES177	-0.0398884	4.36865	4.40854
BLOCK06/SES067/SA067S25	SES183	-0.052093	4.35644	4.40854
BLOCK06/SES067/SA067S25	SES202	-0.0696363	4.3389	4.40854
BLOCK06/SES067/SA067S29	SES085	-0.0857129	4.53313	4.61884
BLOCK06/SES067/SA067S29	SES177	0.225151	4.84399	4.61884
BLOCK06/SES067/SA067S29	SES183	0.394613	5.01345	4.61884
BLOCK06/SES067/SA067S29	SES202	0.805365	5.4242	4.61884
BLOCK06/SES069/SA069S12	SES029	-0.378479	2.08513	2.46361
BLOCK06/SES069/SA069S12	SES082	1.1404	3.60401	2.46361
BLOCK06/SES069/SA069S12	SES087	0.364429	2.82804	2.46361
BLOCK06/SES069/SA069S12	SES206	0.857587	3.3212	2.46361
BLOCK06/SES069/SA069S13	SES029	-0.519886	2.36069	2.88058
BLOCK06/SES069/SA069S13	SES087	0.786486	3.66707	2.88058
BLOCK06/SES069/SA069S13	SES206	0.751486	3.63206	2.88058
BLOCK06/SES069/SA069S13	SES226	1.32058	4.20116	2.88058
BLOCK06/SES069/SA069S23	SES029	1.35487	5.25156	3.89669
BLOCK06/SES069/SA069S23	SES087	1.52054	5.41723	3.89669
BLOCK06/SES069/SA069S23	SES206	0.372398	4.26909	3.89669
BLOCK06/SES069/SA069S23	SES226	1.67315	5.56984	3.89669
BLOCK06/SES069/SA069S25	SES087	0.291663	3.96068	3.66902
BLOCK06/SES069/SA069S25	SES206	-1.1653	2.50372	3.66902
BLOCK06/SES069/SA069S25	SES226	0.811721	4.48074	3.66902
BLOCK06/SES069/SA069S25	SES270	-0.172435	3.49658	3.66902
BLOCK06/SES069/SA069S27	SES087	-0.206989	3.01977	3.22676
BLOCK06/SES069/SA069S27	SES206	0.516727	3.74349	3.22676
BLOCK06/SES069/SA069S27	SES226	1.46332	4.69008	3.22676
BLOCK06/SES069/SA069S27	SES270	0.123025	3.34979	3.22676
BLOCK08/SES081/SA081S11	SES060	0.030808	3.10673	3.07592
BLOCK08/SES081/SA081S11	SES062	0.499036	3.57496	3.07592
BLOCK08/SES081/SA081S11	SES117	-0.852904	2.22302	3.07592
BLOCK08/SES081/SA081S11	SES162	-0.319029	2.75689	3.07592
BLOCK08/SES081/SA081S13	SES016	0.0110536	4.15325	4.14219
BLOCK08/SES081/SA081S13	SES060	0.829433	4.97163	4.14219
BLOCK08/SES081/SA081S13	SES068	0.507895	4.65009	4.14219
BLOCK08/SES081/SA081S13	SES129	-0.943491	3.1987	4.14219
BLOCK08/SES081/SA081S24	SES060	0.630226	4.57592	3.94569
BLOCK08/SES081/SA081S24	SES068	0.375401	4.3211	3.94569
BLOCK08/SES081/SA081S24	SES117	-0.796815	3.14888	3.94569
BLOCK08/SES081/SA081S24	SES275	-0.409904	3.53579	3.94569
BLOCK08/SES081/SA081S27	SES007	0.204806	3.33518	3.13038
BLOCK08/SES081/SA081S27	SES060	0.0152094	3.14559	3.13038
BLOCK08/SES081/SA081S27	SES117	-0.156796	2.97358	3.13038
BLOCK08/SES081/SA081S27	SES275	-0.141045	2.98933	3.13038
BLOCK08/SES081/SA081S29	SES007	0.555307	4.56066	4.00535
BLOCK08/SES081/SA081S29	SES060	0.448673	4.45403	4.00535
BLOCK08/SES081/SA081S29	SES117	-0.28845	3.7169	4.00535
BLOCK08/SES081/SA081S29	SES275	-0.572021	3.43333	4.00535
BLOCK08/SES086/SA086S11	SES029	-1.42528	-0.715759	0.709524
BLOCK08/SES086/SA086S11	SES082	0.0564306	0.765955	0.709524
BLOCK08/SES086/SA086S11	SES087	1.62417	2.33369	0.709524
BLOCK08/SES086/SA086S11	SES206	-0.0903293	0.619195	0.709524
BLOCK08/SES086/SA086S12	SES029	-0.180014	1.13719	1.3172
BLOCK08/SES086/SA086S12	SES082	0.261281	1.57848	1.3172
BLOCK08/SES086/SA086S12	SES087	1.91724	3.23444	1.3172
BLOCK08/SES086/SA086S12	SES206	0.303376	1.62058	1.3172
BLOCK08/SES086/SA086S20	SES029	-1.36123	1.27257	2.6338
BLOCK08/SES086/SA086S20	SES082	-0.489933	2.14387	2.6338
BLOCK08/SES086/SA086S20	SES087	1.66246	4.29626	2.6338
BLOCK08/SES086/SA086S20	SES206	0.564346	3.19815	2.6338
BLOCK08/SES086/SA086S24	SES087	0.672967	2.26572	1.59275
BLOCK08/SES086/SA086S24	SES104	-0.827321	0.765431	1.59275
BLOCK08/SES086/SA086S24	SES120	-0.641954	0.950798	1.59275
BLOCK08/SES086/SA086S24	SES206	0.856704	2.44946	1.59275
BLOCK08/SES086/SA086S28	SES029	-1.06398	1.93469	2.99868
BLOCK08/SES086/SA086S28	SES082	-0.212768	2.78591	2.99868
BLOCK08/SES086/SA086S28	SES087	0.552183	3.55086	2.99868
BLOCK08/SES086/SA086S28	SES206	0.173652	3.17233	2.99868
BLOCK08/SES089/SA089S13	SES087	0.407842	1.41021	1.00237
BLOCK08/SES089/SA089S13	SES206	0.0451753	1.04755	1.00237
BLOCK08/SES089/SA089S13	SES226	0.584917	1.58729	1.00237
BLOCK08/SES089/SA089S13	SES270	-0.509064	0.493308	1.00237
BLOCK08/SES089/SA089S14	SES062	-0.864704	1.61515	2.47986
BLOCK08/SES089/SA089S14	SES087	0.482753	2.96261	2.47986
BLOCK08/SES089/SA089S14	SES206	0.133369	2.61323	2.47986
BLOCK08/SES089/SA089S14	SES226	0.053761	2.53362	2.47986
BLOCK08/SES089/SA089S23	SES087	0.797916	1.14448	0.346564
BLOCK08/SES089/SA089S23	SES206	0.281683	0.628247	0.346564
BLOCK08/SES089/SA089S23	SES226	0.694417	1.04098	0.346564
BLOCK08/SES089/SA089S23	SES270	-0.256983	0.0895811	0.346564
BLOCK08/SES089/SA089S25	SES062	-0.968184	0.416016	1.3842
BLOCK08/SES089/SA089S25	SES087	1.12816	2.51236	1.3842
BLOCK08/SES089/SA089S25	SES206	-0.540521	0.843679	1.3842
BLOCK08/SES089/SA089S25	SES226	1.01572	2.39992	1.3842
BLOCK08/SES089/SA089S28	SES062	0.0192156	2.02062	2.00141
BLOCK08/SES089/SA089S28	SES087	1.47	3.47141	2.00141
BLOCK08/SES089/SA089S28	SES206	0.701345	2.70275	2.00141
BLOCK08/SES089/SA089S28	SES226	1.1431	3.14451	2.00141
BLOCK09/SES097/SA097S11	SES099	1.56669	3.2994	1.73271
BLOCK09/SES097/SA097S11	SES125	-0.38864	1.34407	1.73271
BLOCK09/SES097/SA097S11	SES206	0.463586	2.1963	1.73271
BLOCK09/SES097/SA097S11	SES226	1.11653	2.84924	1.73271
BLOCK09/SES097/SA097S14	SES062	-0.300168	1.59974	1.89991
BLOCK09/SES097/SA097S14	SES099	-0.0111049	1.8888	1.89991
BLOCK09/SES097/SA097S14	SES104	-0.173458	1.72645	1.89991
BLOCK09/SES097/SA097S14	SES206	-0.738395	1.16151	1.89991
BLOCK09/SES097/SA097S22	SES099	1.21174	2.85348	1.64175
BLOCK09/SES097/SA097S22	SES206	-0.21821	1.42354	1.64175
BLOCK09/SES097/SA097S22	SES226	-0.441242	1.2005	1.64175
BLOCK09/SES097/SA097S22	SES270	0.460101	2.10185	1.64175
BLOCK09/SES097/SA097S26	SES099	0.777483	2.50162	1.72414
BLOCK09/SES097/SA097S26	SES120	0.494744	2.21889	1.72414
BLOCK09/SES097/SA097S26	SES206	-0.34115	1.38299	1.72414
BLOCK09/SES097/SA097S26	SES226	-1.02259	0.701551	1.72414
BLOCK09/SES097/SA097S28	SES099	0.23566	2.5936	2.35794
BLOCK09/SES097/SA097S28	SES120	-0.358323	1.99962	2.35794
BLOCK09/SES097/SA097S28	SES206	-0.816056	1.54189	2.35794
BLOCK09/SES097/SA097S28	SES226	-1.10771	1.25023	2.35794
BLOCK09/SES098/SA098S11	SES127	-0.31669	2.67532	2.99201
BLOCK09/SES098/SA098S11	SES144	-0.632555	2.35945	2.99201
BLOCK09/SES098/SA098S11	SES147	0.390733	3.38274	2.99201
BLOCK09/SES098/SA098S11	SES148	-1.66998	1.32202	2.99201
BLOCK09/SES098/SA098S12	SES127	-1.36622	1.37856	2.74478
BLOCK09/SES098/SA098S12	SES144	-0.9035	1.84128	2.74478
BLOCK09/SES098/SA098S12	SES147	-0.166182	2.5786	2.74478
BLOCK09/SES098/SA098S12	SES189	-0.548294	2.19649	2.74478
BLOCK09/SES098/SA098S20	SES127	-1.25427	1.87119	3.12547
BLOCK09/SES098/SA098S20	SES147	-0.781188	2.34428	3.12547
BLOCK09/SES098/SA098S20	SES148	-1.47486	1.65061	3.12547
BLOCK09/SES098/SA098S20	SES292	-0.233291	2.89217	3.12547
BLOCK09/SES098/SA098S23	SES127	-0.959149	3.36644	4.32559
BLOCK09/SES098/SA098S23	SES147	-0.559476	3.76612	4.32559
BLOCK09/SES098/SA098S23	SES187	-0.0109649	4.31463	4.32559
BLOCK09/SES098/SA098S23	SES292	-0.050499	4.27509	4.32559
BLOCK09/SES098/SA098S27	SES127	-2.17363	0.668642	2.84228
BLOCK09/SES098/SA098S27	SES147	-1.73693	1.10535	2.84228
BLOCK09/SES098/SA098S27	SES148	-2.22807	0.614211	2.84228
BLOCK09/SES098/SA098S27	SES292	-0.100105	2.74217	2.84228
BLOCK10/SES102/SA102S13	SES101	0.801535	2.84733	2.04579
BLOCK10/SES102/SA102S13	SES105	0.298745	2.34454	2.04579
BLOCK10/SES102/SA102S13	SES120	-0.598269	1.44753	2.04579
BLOCK10/SES102/SA102S13	SES158	0.00761294	2.05341	2.04579
BLOCK10/SES102/SA102S14	SES007	1.96444	4.8639	2.89946
BLOCK10/SES102/SA102S14	SES101	2.32513	5.2246	2.89946
BLOCK10/SES102/SA102S14	SES105	1.94735	4.84681	2.89946
BLOCK10/SES102/SA102S14	SES147	-0.754184	2.14528	2.89946
BLOCK10/SES102/SA102S22	SES007	-0.0184946	3.27323	3.29172
BLOCK10/SES102/SA102S22	SES101	0.894757	4.18648	3.29172
BLOCK10/SES102/SA102S22	SES105	0.604852	3.89657	3.29172
BLOCK10/SES102/SA102S22	SES158	-0.0865414	3.20518	3.29172
BLOCK10/SES102/SA102S25	SES007	1.07191	4.14227	3.07037
BLOCK10/SES102/SA102S25	SES101	1.5233	4.59366	3.07037
BLOCK10/SES102/SA102S25	SES105	0.81973	3.89009	3.07037
BLOCK10/SES102/SA102S25	SES147	-1.42175	1.64862	3.07037
BLOCK10/SES102/SA102S27	SES007	0.756859	3.48018	2.72333
BLOCK10/SES102/SA102S27	SES101	1.4853	4.20863	2.72333
BLOCK10/SES102/SA102S27	SES105	0.518267	3.24159	2.72333
BLOCK10/SES102/SA102S27	SES147	-0.784609	1.93872	2.72333
BLOCK10/SES103/SA103S14	SES105	-1.06369	-0.818072	0.245623
BLOCK10/SES103/SA103S14	SES106	0.252117	0.497739	0.245623
BLOCK10/SES103/SA103S14	SES120	-0.690202	-0.444579	0.245623
BLOCK10/SES103/SA103S14	SES206	-0.680397	-0.434774	0.245623
BLOCK10/SES103/SA103S15	SES099	-0.257029	-1.06253	-0.8055
BLOCK10/SES103/SA103S15	SES101	-2.72763	-3.53313	-0.8055
BLOCK10/SES103/SA103S15	SES104	-0.917758	-1.72326	-0.8055
BLOCK10/SES103/SA103S15	SES125	-0.539947	-1.34545	-0.8055
BLOCK10/SES103/SA103S24	SES104	-0.560755	0.778034	1.33879
BLOCK10/SES103/SA103S24	SES125	-0.710296	0.628493	1.33879
BLOCK10/SES103/SA103S24	SES148	-1.55813	-0.219338	1.33879
BLOCK10/SES103/SA103S24	SES158	-0.0616026	1.27719	1.33879
BLOCK10/SES103/SA103S26	SES104	-0.686175	-0.889952	-0.203777
BLOCK10/SES103/SA103S26	SES106	0.982096	0.778319	-0.203777
BLOCK10/SES103/SA103S26	SES125	-0.00955814	-0.213335	-0.203777
BLOCK10/SES103/SA103S26	SES148	-2.78879	-2.99257	-0.203777
BLOCK10/SES103/SA103S28	SES104	-0.830776	-1.78715	-0.956378
BLOCK10/SES103/SA103S28	SES106	0.983843	0.0274652	-0.956378
BLOCK10/SES103/SA103S28	SES125	0.135127	-0.821251	-0.956378
BLOCK10/SES103/SA103S28	SES206	-1.26663	-2.22301	-0.956378
BLOCK12/SES121/SA121S12	SES042	-0.0246606	-0.336973	-0.312313
BLOCK12/SES121/SA121S12	SES087	0.892635	0.580322	-0.312313
BLOCK12/SES121/SA121S12	SES105	0.283819	-0.0284933	-0.312313
BLOCK12/SES121/SA121S12	SES206	0.404971	0.092658	-0.312313
BLOCK12/SES121/SA121S14	SES007	-0.949545	-1.11949	-0.169948
BLOCK12/SES121/SA121S14	SES105	-0.704078	-0.874026	-0.169948
BLOCK12/SES121/SA121S14	SES106	-0.154062	-0.324011	-0.169948
BLOCK12/SES121/SA121S14	SES206	-0.48589	-0.655838	-0.169948
BLOCK12/SES121/SA121S23	SES105	0.311745	0.16399	-0.147755
BLOCK12/SES121/SA121S23	SES106	1.60705	1.4593	-0.147755
BLOCK12/SES121/SA121S23	SES120	0.152336	0.00458064	-0.147755
BLOCK12/SES121/SA121S23	SES206	1.24702	1.09926	-0.147755
BLOCK12/SES121/SA121S25	SES007	-0.62979	-1.16561	-0.535818
BLOCK12/SES121/SA121S25	SES105	-0.935893	-1.47171	-0.535818
BLOCK12/SES121/SA121S25	SES106	0.292956	-0.242861	-0.535818
BLOCK12/SES121/SA121S25	SES206	-0.760968	-1.29679	-0.535818
BLOCK12/SES121/SA121S27	SES087	1.06968	1.52844	0.458762
BLOCK12/SES121/SA121S27	SES105	-1.43607	-0.977309	0.458762
BLOCK12/SES121/SA121S27	SES120	0.362867	0.821629	0.458762
BLOCK12/SES121/SA121S27	SES206	0.41382	0.872582	0.458762
BLOCK12/SES124/SA124S16	SES042	0.418058	2.91747	2.49941
BLOCK12/SES124/SA124S16	SES082	-0.697339	1.80207	2.49941
BLOCK12/SES124/SA124S16	SES183	-1.51508	0.984337	2.49941
BLOCK12/SES124/SA124S16	SES206	-1.1421	1.35731	2.49941
BLOCK12/SES124/SA124S17	SES105	-1.20126	-0.27032	0.930937
BLOCK12/SES124/SA124S17	SES149	-1.97285	-1.04191	0.930937
BLOCK12/SES124/SA124S17	SES158	-1.50479	-0.573852	0.930937
BLOCK12/SES124/SA124S17	SES275	-0.436185	0.494752	0.930937
BLOCK12/SES124/SA124S23	SES105	-0.867313	2.04808	2.9154
BLOCK12/SES124/SA124S23	SES125	1.14835	4.06374	2.9154
BLOCK12/SES124/SA124S23	SES129	-1.02965	1.88575	2.9154
BLOCK12/SES124/SA124S23	SES158	0.522539	3.43793	2.9154
BLOCK12/SES124/SA124S26	SES105	-1.31055	0.574277	1.88483
BLOCK12/SES124/SA124S26	SES125	-0.259031	1.6258	1.88483
BLOCK12/SES124/SA124S26	SES129	-1.30939	0.575442	1.88483
BLOCK12/SES124/SA124S26	SES158	-0.430682	1.45415	1.88483
BLOCK12/SES124/SA124S28	SES104	0.735976	2.46201	1.72603
BLOCK12/SES124/SA124S28	SES106	1.04617	2.77221	1.72603
BLOCK12/SES124/SA124S28	SES125	1.36468	3.09072	1.72603
BLOCK12/SES124/SA124S28	SES275	-0.264117	1.46192	1.72603
BLOCK12/SES126/SA126S13	SES007	0.19539	3.019	2.82361
BLOCK12/SES126/SA126S13	SES162	-0.653898	2.16971	2.82361
BLOCK12/SES126/SA126S13	SES177	0.0353012	2.85891	2.82361
BLOCK12/SES126/SA126S13	SES180	-0.193723	2.62988	2.82361
BLOCK12/SES126/SA126S14	SES144	0.0625601	4.2262	4.16364
BLOCK12/SES126/SA126S14	SES148	-0.231247	3.93239	4.16364
BLOCK12/SES126/SA126S14	SES177	0.604443	4.76808	4.16364
BLOCK12/SES126/SA126S14	SES180	-0.207458	3.95618	4.16364
BLOCK12/SES126/SA126S20	SES007	-0.151236	4.18301	4.33425
BLOCK12/SES126/SA126S20	SES162	-1.03686	3.29739	4.33425
BLOCK12/SES126/SA126S20	SES172	-1.17347	3.16078	4.33425
BLOCK12/SES126/SA126S20	SES180	-0.595335	3.73891	4.33425
BLOCK12/SES126/SA126S24	SES120	0.220531	4.6555	4.43497
BLOCK12/SES126/SA126S24	SES162	-0.368416	4.06656	4.43497
BLOCK12/SES126/SA126S24	SES177	0.900452	5.33542	4.43497
BLOCK12/SES126/SA126S24	SES180	0.335131	4.7701	4.43497
BLOCK12/SES126/SA126S26	SES120	0.353601	3.67492	3.32132
BLOCK12/SES126/SA126S26	SES177	0.0321941	3.35352	3.32132
BLOCK12/SES126/SA126S26	SES180	0.198678	3.52	3.32132
BLOCK12/SES126/SA126S26	SES202	-0.263748	3.05757	3.32132
BLOCK12/SES128/SA128S10	SES087	-1.05953	1.37949	2.43902
BLOCK12/SES128/SA128S10	SES206	-0.380009	2.05901	2.43902
BLOCK12/SES128/SA128S10	SES226	-0.0722852	2.36674	2.43902
BLOCK12/SES128/SA128S10	SES270	0.119639	2.55866	2.43902
BLOCK12/SES128/SA128S12	SES120	0.121698	2.1553	2.0336
BLOCK12/SES128/SA128S12	SES158	-0.588828	1.44477	2.0336
BLOCK12/SES128/SA128S12	SES206	0.204399	2.238	2.0336
BLOCK12/SES128/SA128S12	SES226	-0.627967	1.40564	2.0336
BLOCK12/SES128/SA128S21	SES106	-0.84753	0.491122	1.33865
BLOCK12/SES128/SA128S21	SES120	-0.795506	0.543146	1.33865
BLOCK12/SES128/SA128S21	SES206	0.0266451	1.3653	1.33865
BLOCK12/SES128/SA128S21	SES226	0.319441	1.65809	1.33865
BLOCK12/SES128/SA128S24	SES087	-0.187605	1.7773	1.96491
BLOCK12/SES128/SA128S24	SES120	0.267064	2.23197	1.96491
BLOCK12/SES128/SA128S24	SES206	0.457262	2.42217	1.96491
BLOCK12/SES128/SA128S24	SES226	-0.294065	1.67084	1.96491
BLOCK12/SES128/SA128S27	SES099	0.300178	3.6089	3.30873
BLOCK12/SES128/SA128S27	SES120	0.293735	3.60246	3.30873
BLOCK12/SES128/SA128S27	SES206	0.196781	3.50551	3.30873
BLOCK12/SES128/SA128S27	SES226	0.152942	3.46167	3.30873
BLOCK13/SES130/SA130S13	SES143	0.559333	3.42944	2.87011
BLOCK13/SES130/SA130S13	SES144	0.531245	3.40136	2.87011
BLOCK13/SES130/SA130S13	SES146	-0.264369	2.60574	2.87011
BLOCK13/SES130/SA130S13	SES275	-0.779949	2.09016	2.87011
BLOCK13/SES130/SA130S15	SES143	0.230027	3.75272	3.52269
BLOCK13/SES130/SA130S15	SES144	1.3752	4.89789	3.52269
BLOCK13/SES130/SA130S15	SES146	0.515707	4.0384	3.52269
BLOCK13/SES130/SA130S15	SES275	0.164865	3.68756	3.52269
BLOCK13/SES130/SA130S23	SES127	0.0895513	1.89328	1.80373
BLOCK13/SES130/SA130S23	SES144	-0.243211	1.56052	1.80373
BLOCK13/SES130/SA130S23	SES146	0.514969	2.3187	1.80373
BLOCK13/SES130/SA130S23	SES162	0.448289	2.25202	1.80373
BLOCK13/SES130/SA130S25	SES127	0.854039	4.10311	3.24907
BLOCK13/SES130/SA130S25	SES144	0.355799	3.60487	3.24907
BLOCK13/SES130/SA130S25	SES146	0.975803	4.22487	3.24907
BLOCK13/SES130/SA130S25	SES275	0.527194	3.77627	3.24907
BLOCK13/SES130/SA130S28	SES127	0.599911	3.45899	2.85908
BLOCK13/SES130/SA130S28	SES144	0.153978	3.01305	2.85908
BLOCK13/SES130/SA130S28	SES146	0.823175	3.68225	2.85908
BLOCK13/SES130/SA130S28	SES275	0.682213	3.54129	2.85908
BLOCK13/SES131/SA131S13	SES002	-1.00717	-1.0306	-0.0234214
BLOCK13/SES131/SA131S13	SES007	-1.10207	-1.12549	-0.0234214
BLOCK13/SES131/SA131S13	SES099	-0.470866	-0.494287	-0.0234214
BLOCK13/SES131/SA131S13	SES105	-0.606831	-0.630252	-0.0234214
BLOCK13/SES131/SA131S14	SES104	1.17843	2.60704	1.4286
BLOCK13/SES131/SA131S14	SES106	0.588865	2.01747	1.4286
BLOCK13/SES131/SA131S14	SES125	0.229892	1.65849	1.4286
BLOCK13/SES131/SA131S14	SES148	0.48646	1.91506	1.4286
BLOCK13/SES131/SA131S20	SES104	-1.17689	-1.42244	-0.245556
BLOCK13/SES131/SA131S20	SES106	-0.471068	-0.716624	-0.245556
BLOCK13/SES131/SA131S20	SES125	-1.56191	-1.80747	-0.245556
BLOCK13/SES131/SA131S20	SES148	-0.589556	-0.835112	-0.245556
BLOCK13/SES131/SA131S22	SES099	-0.594362	1.04772	1.64208
BLOCK13/SES131/SA131S22	SES104	-0.805927	0.836155	1.64208
BLOCK13/SES131/SA131S22	SES125	-0.827918	0.814164	1.64208
BLOCK13/SES131/SA131S22	SES206	-0.963624	0.678457	1.64208
BLOCK13/SES131/SA131S29	SES087	-0.676913	0.0991534	0.776066
BLOCK13/SES131/SA131S29	SES104	-1.56007	-0.784	0.776066
BLOCK13/SES131/SA131S29	SES125	-1.47572	-0.699657	0.776066
BLOCK13/SES131/SA131S29	SES206	-1.47854	-0.702472	0.776066
BLOCK13/SES132/SA132S11	SES083	-0.880232	3.13808	4.01831
BLOCK13/SES132/SA132S11	SES120	0.792122	4.81043	4.01831
BLOCK13/SES132/SA132S11	SES127	-0.507716	3.51059	4.01831
BLOCK13/SES132/SA132S11	SES275	-0.319948	3.69836	4.01831
BLOCK13/SES132/SA132S12	SES083	-0.93456	3.54487	4.47943
BLOCK13/SES132/SA132S12	SES143	-0.656082	3.82335	4.47943
BLOCK13/SES132/SA132S12	SES144	-0.319346	4.16008	4.47943
BLOCK13/SES132/SA132S12	SES148	-0.054986	4.42444	4.47943
BLOCK13/SES132/SA132S22	SES062	-0.161302	4.52411	4.68541
BLOCK13/SES132/SA132S22	SES083	-0.622776	4.06263	4.68541
BLOCK13/SES132/SA132S22	SES127	-0.3406	4.34481	4.68541
BLOCK13/SES132/SA132S22	SES275	-0.086236	4.59917	4.68541
BLOCK13/SES132/SA132S24	SES007	0.542837	5.27201	4.72917
BLOCK13/SES132/SA132S24	SES083	-0.830731	3.89844	4.72917
BLOCK13/SES132/SA132S24	SES127	-0.508284	4.22089	4.72917
BLOCK13/SES132/SA132S24	SES275	0.144389	4.87356	4.72917
BLOCK13/SES132/SA132S27	SES083	-0.884701	2.77921	3.66391
BLOCK13/SES132/SA132S27	SES120	0.843135	4.50705	3.66391
BLOCK13/SES132/SA132S27	SES127	-1.12173	2.54218	3.66391
BLOCK13/SES132/SA132S27	SES275	-0.831351	2.83256	3.66391
BLOCK14/SES141/SA141S09	SES143	-0.186244	4.16498	4.35122
BLOCK14/SES141/SA141S09	SES144	0.154914	4.50613	4.35122
BLOCK14/SES141/SA141S09	SES162	-0.743852	3.60737	4.35122
BLOCK14/SES141/SA141S09	SES180	-0.18802	4.1632	4.35122
BLOCK14/SES141/SA141S15	SES127	-0.294841	4.05446	4.3493
BLOCK14/SES141/SA141S15	SES144	-0.481589	3.86771	4.3493
BLOCK14/SES141/SA141S15	SES162	-1.2068	3.14249	4.3493
BLOCK14/SES141/SA141S15	SES180	-0.313241	4.03606	4.3493
BLOCK14/SES141/SA141S24	SES127	-0.250462	4.17857	4.42904
BLOCK14/SES141/SA141S24	SES144	-0.602557	3.82648	4.42904
BLOCK14/SES141/SA141S24	SES162	-0.67504	3.754	4.42904
BLOCK14/SES141/SA141S24	SES183	-1.0209	3.40814	4.42904
BLOCK14/SES141/SA141S26	SES142	-0.0346036	4.05874	4.09334
BLOCK14/SES141/SA141S26	SES144	-0.405164	3.68818	4.09334
BLOCK14/SES141/SA141S26	SES172	0.191452	4.2848	4.09334
BLOCK14/SES141/SA141S26	SES180	0.0314126	4.12476	4.09334
BLOCK14/SES141/SA141S29	SES127	0.143275	4.64314	4.49987
BLOCK14/SES141/SA141S29	SES142	0.332234	4.8321	4.49987
BLOCK14/SES141/SA141S29	SES144	-0.350914	4.14895	4.49987
BLOCK14/SES141/SA141S29	SES180	0.120687	4.62055	4.49987
BLOCK15/SES157/SA157S08	SES083	-0.915025	2.46847	3.3835
BLOCK15/SES157/SA157S08	SES127	-0.145276	3.23822	3.3835
BLOCK15/SES157/SA157S08	SES148	-0.364908	3.01859	3.3835
BLOCK15/SES157/SA157S08	SES292	-1.18767	2.19582	3.3835
BLOCK15/SES157/SA157S11	SES083	-0.59954	2.12929	2.72883
BLOCK15/SES157/SA157S11	SES127	0.164368	2.8932	2.72883
BLOCK15/SES157/SA157S11	SES148	-0.714364	2.01447	2.72883
BLOCK15/SES157/SA157S11	SES292	-0.5629	2.16593	2.72883
BLOCK15/SES157/SA157S21	SES127	0.327137	3.39408	3.06695
BLOCK15/SES157/SA157S21	SES148	0.673293	3.74024	3.06695
BLOCK15/SES157/SA157S21	SES158	-3.58154	-0.514592	3.06695
BLOCK15/SES157/SA157S21	SES292	-0.39912	2.66783	3.06695
BLOCK15/SES157/SA157S24	SES127	0.406175	3.84398	3.4378
BLOCK15/SES157/SA157S24	SES148	-0.334881	3.10292	3.4378
BLOCK15/SES157/SA157S24	SES183	-0.656348	2.78145	3.4378
BLOCK15/SES157/SA157S24	SES292	-1.03094	2.40686	3.4378
BLOCK15/SES157/SA157S26	SES007	0.887987	4.16867	3.28069
BLOCK15/SES157/SA157S26	SES127	0.716019	3.99671	3.28069
BLOCK15/SES157/SA157S26	SES147	-0.764673	2.51601	3.28069
BLOCK15/SES157/SA157S26	SES148	-0.0168269	3.26386	3.28069
BLOCK16/SES161/SA161S10	SES007	-0.431896	0.434381	0.866278
BLOCK16/SES161/SA161S10	SES105	-0.113399	0.752878	0.866278
BLOCK16/SES161/SA161S10	SES158	-0.521208	0.34507	0.866278
BLOCK16/SES161/SA161S10	SES275	-0.0821761	0.784101	0.866278
BLOCK16/SES161/SA161S12	SES007	-0.793781	0.86197	1.65575
BLOCK16/SES161/SA161S12	SES105	-1.25113	0.404618	1.65575
BLOCK16/SES161/SA161S12	SES158	-0.394301	1.26145	1.65575
BLOCK16/SES161/SA161S12	SES275	-0.308133	1.34762	1.65575
BLOCK16/SES161/SA161S20	SES007	-0.968012	-0.544428	0.423584
BLOCK16/SES161/SA161S20	SES105	-1.51184	-1.08826	0.423584
BLOCK16/SES161/SA161S20	SES158	-0.107112	0.316472	0.423584
BLOCK16/SES161/SA161S20	SES275	-0.863932	-0.440348	0.423584
BLOCK16/SES161/SA161S23	SES007	-1.10834	0.711935	1.82028
BLOCK16/SES161/SA161S23	SES105	-0.105715	1.71456	1.82028
BLOCK16/SES161/SA161S23	SES148	-0.625546	1.19473	1.82028
BLOCK16/SES161/SA161S23	SES158	-0.4239	1.39638	1.82028
BLOCK16/SES161/SA161S28	SES007	-1.23633	0.233696	1.47003
BLOCK16/SES161/SA161S28	SES105	-1.38923	0.0807982	1.47003
BLOCK16/SES161/SA161S28	SES158	0.309851	1.77988	1.47003
BLOCK16/SES161/SA161S28	SES206	0.0371463	1.50717	1.47003
BLOCK16/SES164/SA164S11	SES104	-0.675599	1.63414	2.30974
BLOCK16/SES164/SA164S11	SES125	-0.0234728	2.28627	2.30974
BLOCK16/SES164/SA164S11	SES158	0.252905	2.56265	2.30974
BLOCK16/SES164/SA164S11	SES206	-0.755322	1.55442	2.30974
BLOCK16/SES164/SA164S13	SES099	-0.63486	0.2665	0.90136
BLOCK16/SES164/SA164S13	SES104	-1.16127	-0.259911	0.90136
BLOCK16/SES164/SA164S13	SES125	-0.849162	0.0521974	0.90136
BLOCK16/SES164/SA164S13	SES206	-0.828567	0.0727929	0.90136
BLOCK16/SES164/SA164S24	SES002	0.561127	2.06225	1.50112
BLOCK16/SES164/SA164S24	SES099	-0.649694	0.851427	1.50112
BLOCK16/SES164/SA164S24	SES125	-0.961454	0.539667	1.50112
BLOCK16/SES164/SA164S24	SES226	1.1401	2.64122	1.50112
BLOCK16/SES164/SA164S27	SES087	-0.705182	0.522268	1.22745
BLOCK16/SES164/SA164S27	SES125	-1.0717	0.155746	1.22745
BLOCK16/SES164/SA164S27	SES206	-1.21136	0.0160896	1.22745
BLOCK16/SES164/SA164S27	SES226	-0.285376	0.942074	1.22745
BLOCK16/SES164/SA164S29	SES002	0.206257	2.0527	1.84645
BLOCK16/SES164/SA164S29	SES019	-1.16772	0.678731	1.84645
BLOCK16/SES164/SA164S29	SES125	-0.965237	0.881209	1.84645
BLOCK16/SES164/SA164S29	SES226	-0.535424	1.31102	1.84645
BLOCK16/SES169/SA169S13	SES117	-0.549331	2.1927	2.74204
BLOCK16/SES169/SA169S13	SES144	-0.0269656	2.71507	2.74204
BLOCK16/SES169/SA169S13	SES146	-0.132236	2.6098	2.74204
BLOCK16/SES169/SA169S13	SES162	0.171063	2.9131	2.74204
BLOCK16/SES169/SA169S14	SES144	-0.624101	2.98384	3.60794
BLOCK16/SES169/SA169S14	SES148	0.0883121	3.69625	3.60794
BLOCK16/SES169/SA169S14	SES177	0.485879	4.09382	3.60794
BLOCK16/SES169/SA169S14	SES180	0.1538	3.76174	3.60794
BLOCK16/SES169/SA169S24	SES117	-0.569298	1.63356	2.20286
BLOCK16/SES169/SA169S24	SES144	0.188849	2.39171	2.20286
BLOCK16/SES169/SA169S24	SES146	0.363	2.56586	2.20286
BLOCK16/SES169/SA169S24	SES162	0.159686	2.36255	2.20286
BLOCK16/SES169/SA169S27	SES127	-0.337729	2.80888	3.14661
BLOCK16/SES169/SA169S27	SES129	0.0729489	3.21956	3.14661
BLOCK16/SES169/SA169S27	SES144	-0.490919	2.65569	3.14661
BLOCK16/SES169/SA169S27	SES146	0.472988	3.6196	3.14661
BLOCK16/SES169/SA169S29	SES144	0.612729	4.30295	3.69022
BLOCK16/SES169/SA169S29	SES162	0.781385	4.4716	3.69022
BLOCK16/SES169/SA169S29	SES177	-0.38813	3.30209	3.69022
BLOCK16/SES169/SA169S29	SES180	0.468381	4.1586	3.69022
BLOCK17/SES171/SA171S12	SES083	0.0260556	2.45774	2.43169
BLOCK17/SES171/SA171S12	SES148	-0.781236	1.65045	2.43169
BLOCK17/SES171/SA171S12	SES172	0.0530202	2.48471	2.43169
BLOCK17/SES171/SA171S12	SES292	-0.852845	1.57884	2.43169
BLOCK17/SES171/SA171S15	SES148	-1.26949	1.9015	3.17099
BLOCK17/SES171/SA171S15	SES177	-0.155771	3.01521	3.17099
BLOCK17/SES171/SA171S15	SES180	-0.66406	2.50693	3.17099
BLOCK17/SES171/SA171S15	SES292	-1.09082	2.08016	3.17099
BLOCK17/SES171/SA171S22	SES007	-0.117215	3.49192	3.60913
BLOCK17/SES171/SA171S22	SES148	-0.514694	3.09444	3.60913
BLOCK17/SES171/SA171S22	SES177	0.637082	4.24621	3.60913
BLOCK17/SES171/SA171S22	SES180	-0.873991	2.73514	3.60913
BLOCK17/SES171/SA171S25	SES101	-0.093621	3.24322	3.33684
BLOCK17/SES171/SA171S25	SES120	-1.30062	2.03622	3.33684
BLOCK17/SES171/SA171S25	SES177	0.529083	3.86593	3.33684
BLOCK17/SES171/SA171S25	SES180	-0.287836	3.04901	3.33684
BLOCK17/SES171/SA171S27	SES177	0.507469	3.36567	2.8582
BLOCK17/SES171/SA171S27	SES180	-0.700472	2.15773	2.8582
BLOCK17/SES171/SA171S27	SES189	0.144052	3.00225	2.8582
BLOCK17/SES171/SA171S27	SES292	-0.26695	2.59125	2.8582
BLOCK17/SES173/SA173S13	SES162	-2.15797	1.39488	3.55285
BLOCK17/SES173/SA173S13	SES177	-0.200992	3.35185	3.55285
BLOCK17/SES173/SA173S13	SES180	-1.01636	2.53648	3.55285
BLOCK17/SES173/SA173S13	SES292	0.575633	4.12848	3.55285
BLOCK17/SES173/SA173S14	SES007	-0.123768	2.56174	2.68551
BLOCK17/SES173/SA173S14	SES162	-1.83699	0.848516	2.68551
BLOCK17/SES173/SA173S14	SES177	-0.335946	2.34956	2.68551
BLOCK17/SES173/SA173S14	SES180	-1.05864	1.62686	2.68551
BLOCK17/SES173/SA173S24	SES144	-0.563565	1.97487	2.53844
BLOCK17/SES173/SA173S24	SES162	-0.788525	1.74991	2.53844
BLOCK17/SES173/SA173S24	SES177	0.606705	3.14514	2.53844
BLOCK17/SES173/SA173S24	SES180	-1.00588	1.53256	2.53844
BLOCK17/SES173/SA173S27	SES162	-2.68828	1.41711	4.10539
BLOCK17/SES173/SA173S27	SES177	-0.370492	3.7349	4.10539
BLOCK17/SES173/SA173S27	SES180	-0.642046	3.46334	4.10539
BLOCK17/SES173/SA173S27	SES292	0.586805	4.69219	4.10539
BLOCK17/SES173/SA173S29	SES162	-0.15733	2.93521	3.09254
BLOCK17/SES173/SA173S29	SES175	0.57614	3.66868	3.09254
BLOCK17/SES173/SA173S29	SES177	1.19109	4.28363	3.09254
BLOCK17/SES173/SA173S29	SES292	0.328276	3.42081	3.09254
BLOCK18/SES182/SA182S10	SES144	-0.221007	2.71725	2.93826
BLOCK18/SES182/SA182S10	SES177	-0.35931	2.57895	2.93826
BLOCK18/SES182/SA182S10	SES180	-0.575955	2.3623	2.93826
BLOCK18/SES182/SA182S10	SES275	0.601766	3.54002	2.93826
BLOCK18/SES182/SA182S12	SES144	0.666184	4.91416	4.24797
BLOCK18/SES182/SA182S12	SES177	0.647685	4.89566	4.24797
BLOCK18/SES182/SA182S12	SES180	0.284467	4.53244	4.24797
BLOCK18/SES182/SA182S12	SES275	0.53319	4.78116	4.24797
BLOCK18/SES182/SA182S21	SES117	-0.193988	2.55558	2.74957
BLOCK18/SES182/SA182S21	SES144	-0.167453	2.58212	2.74957
BLOCK18/SES182/SA182S21	SES162	-0.0135696	2.736	2.74957
BLOCK18/SES182/SA182S21	SES180	-0.815374	1.9342	2.74957
BLOCK18/SES182/SA182S23	SES117	-0.0545626	3.14347	3.19803
BLOCK18/SES182/SA182S23	SES144	-0.209212	2.98882	3.19803
BLOCK18/SES182/SA182S23	SES180	-0.576252	2.62178	3.19803
BLOCK18/SES182/SA182S23	SES275	0.390801	3.58883	3.19803
BLOCK18/SES182/SA182S25	SES007	0.882814	4.03356	3.15074
BLOCK18/SES182/SA182S25	SES162	-0.325661	2.82508	3.15074
BLOCK18/SES182/SA182S25	SES177	-0.394777	2.75597	3.15074
BLOCK18/SES182/SA182S25	SES180	-0.883174	2.26757	3.15074
BLOCK18/SES184/SA184S12	SES177	0.376874	3.00215	2.62527
BLOCK18/SES184/SA184S12	SES180	0.468074	3.09335	2.62527
BLOCK18/SES184/SA184S12	SES189	-0.613499	2.01178	2.62527
BLOCK18/SES184/SA184S12	SES292	0.166641	2.79191	2.62527
BLOCK18/SES184/SA184S13	SES101	-0.00857472	2.97353	2.9821
BLOCK18/SES184/SA184S13	SES177	-0.264157	2.71794	2.9821
BLOCK18/SES184/SA184S13	SES180	-0.315171	2.66693	2.9821
BLOCK18/SES184/SA184S13	SES292	-0.931283	2.05082	2.9821
BLOCK18/SES184/SA184S22	SES177	-0.0540075	3.59022	3.64423
BLOCK18/SES184/SA184S22	SES180	0.154103	3.79833	3.64423
BLOCK18/SES184/SA184S22	SES189	-0.585871	3.05836	3.64423
BLOCK18/SES184/SA184S22	SES292	0.115935	3.76016	3.64423
BLOCK18/SES184/SA184S25	SES101	0.346591	4.37077	4.02418
BLOCK18/SES184/SA184S25	SES177	-0.658311	3.36587	4.02418
BLOCK18/SES184/SA184S25	SES180	0.232594	4.25677	4.02418
BLOCK18/SES184/SA184S25	SES292	-0.308856	3.71532	4.02418
BLOCK18/SES184/SA184S27	SES083	-0.538969	2.97604	3.51501
BLOCK18/SES184/SA184S27	SES177	-0.461149	3.05386	3.51501
BLOCK18/SES184/SA184S27	SES202	-0.826763	2.68824	3.51501
BLOCK18/SES184/SA184S27	SES292	-0.899702	2.61531	3.51501
BLOCK20/SES204/SA204S12	SES062	0.317325	3.94603	3.6287
BLOCK20/SES204/SA204S12	SES083	-0.923915	2.70479	3.6287
BLOCK20/SES204/SA204S12	SES206	0.188077	3.81678	3.6287
BLOCK20/SES204/SA204S12	SES226	-1.09854	2.53016	3.6287
BLOCK20/SES204/SA204S14	SES068	0.325665	4.68974	4.36408
BLOCK20/SES204/SA204S14	SES087	0.919801	5.28388	4.36408
BLOCK20/SES204/SA204S14	SES206	-0.572001	3.79208	4.36408
BLOCK20/SES204/SA204S14	SES226	-0.761517	3.60256	4.36408
BLOCK20/SES204/SA204S22	SES068	0.456905	3.74541	3.28851
BLOCK20/SES204/SA204S22	SES082	-0.852252	2.43626	3.28851
BLOCK20/SES204/SA204S22	SES083	-1.31623	1.97228	3.28851
BLOCK20/SES204/SA204S22	SES206	0.102711	3.39122	3.28851
BLOCK20/SES204/SA204S25	SES062	0.230018	3.35819	3.12817
BLOCK20/SES204/SA204S25	SES083	-0.720205	2.40797	3.12817
BLOCK20/SES204/SA204S25	SES206	0.241319	3.36949	3.12817
BLOCK20/SES204/SA204S25	SES226	-0.553918	2.57425	3.12817
BLOCK20/SES204/SA204S27	SES068	0.518213	3.15478	2.63657
BLOCK20/SES204/SA204S27	SES082	-0.53186	2.10471	2.63657
BLOCK20/SES204/SA204S27	SES087	0.654233	3.2908	2.63657
BLOCK20/SES204/SA204S27	SES206	-0.144499	2.49207	2.63657
BLOCK20/SES207/SA207S10	SES127	-0.368504	3.22762	3.59613
BLOCK20/SES207/SA207S10	SES183	-1.31546	2.28067	3.59613
BLOCK20/SES207/SA207S10	SES189	-0.761137	2.83499	3.59613
BLOCK20/SES207/SA207S10	SES292	-0.401828	3.1943	3.59613
BLOCK20/SES207/SA207S11	SES127	-0.946992	2.24291	3.1899
BLOCK20/SES207/SA207S11	SES183	-0.719234	2.47067	3.1899
BLOCK20/SES207/SA207S11	SES187	-0.933459	2.25644	3.1899
BLOCK20/SES207/SA207S11	SES292	0.0275404	3.21744	3.1899
BLOCK20/SES207/SA207S25	SES068	-0.437261	3.09761	3.53487
BLOCK20/SES207/SA207S25	SES083	-0.42615	3.10872	3.53487
BLOCK20/SES207/SA207S25	SES127	0.00433826	3.53921	3.53487
BLOCK20/SES207/SA207S25	SES187	-0.350362	3.18451	3.53487
BLOCK20/SES207/SA207S27	SES127	-0.655698	1.77679	2.43249
BLOCK20/SES207/SA207S27	SES183	-0.360739	2.07175	2.43249
BLOCK20/SES207/SA207S27	SES187	-0.369386	2.0631	2.43249
BLOCK20/SES207/SA207S27	SES292	-0.54644	1.88605	2.43249
BLOCK20/SES207/SA207S29	SES083	-0.653581	3.11233	3.76591
BLOCK20/SES207/SA207S29	SES085	-0.144087	3.62183	3.76591
BLOCK20/SES207/SA207S29	SES172	0.391715	4.15763	3.76591
BLOCK20/SES207/SA207S29	SES189	-1.50421	2.26171	3.76591
BLOCK22/SES221/SA221S12	SES068	1.27838	5.72816	4.44979
BLOCK22/SES221/SA221S12	SES143	0.138734	4.58852	4.44979
BLOCK22/SES221/SA221S12	SES175	1.12996	5.57975	4.44979
BLOCK22/SES221/SA221S12	SES202	0.491373	4.94116	4.44979
BLOCK22/SES221/SA221S15	SES085	0.519804	4.32674	3.80693
BLOCK22/SES221/SA221S15	SES143	-0.812905	2.99403	3.80693
BLOCK22/SES221/SA221S15	SES175	0.632987	4.43992	3.80693
BLOCK22/SES221/SA221S15	SES187	-0.296387	3.51055	3.80693
BLOCK22/SES221/SA221S23	SES068	1.02071	5.32448	4.30377
BLOCK22/SES221/SA221S23	SES143	0.274408	4.57817	4.30377
BLOCK22/SES221/SA221S23	SES175	1.28886	5.59263	4.30377
BLOCK22/SES221/SA221S23	SES189	0.614475	4.91824	4.30377
BLOCK22/SES221/SA221S27	SES085	0.999705	6.02344	5.02374
BLOCK22/SES221/SA221S27	SES143	-0.346184	4.67755	5.02374
BLOCK22/SES221/SA221S27	SES175	0.555089	5.57883	5.02374
BLOCK22/SES221/SA221S27	SES189	0.694891	5.71863	5.02374
BLOCK22/SES221/SA221S29	SES085	1.13601	5.42906	4.29304
BLOCK22/SES221/SA221S29	SES143	0.608251	4.9013	4.29304
BLOCK22/SES221/SA221S29	SES175	1.77969	6.07274	4.29304
BLOCK22/SES221/SA221S29	SES187	0.46595	4.75899	4.29304
BLOCK22/SES223/SA223S11	SES143	-0.0436954	2.88633	2.93003
BLOCK22/SES223/SA223S11	SES144	-1.57923	1.3508	2.93003
BLOCK22/SES223/SA223S11	SES175	0.447122	3.37715	2.93003
BLOCK22/SES223/SA223S11	SES187	-0.990959	1.93907	2.93003
BLOCK22/SES223/SA223S13	SES068	-0.0884867	2.04598	2.13446
BLOCK22/SES223/SA223S13	SES143	-0.771406	1.36306	2.13446
BLOCK22/SES223/SA223S13	SES146	-0.929205	1.20526	2.13446
BLOCK22/SES223/SA223S13	SES202	-0.802325	1.33214	2.13446
BLOCK22/SES223/SA223S22	SES143	-0.053411	3.36327	3.41668
BLOCK22/SES223/SA223S22	SES144	-1.36375	2.05293	3.41668
BLOCK22/SES223/SA223S22	SES175	0.55984	3.97652	3.41668
BLOCK22/SES223/SA223S22	SES187	0.0290537	3.44573	3.41668
BLOCK22/SES223/SA223S25	SES068	0.740853	4.15523	3.41438
BLOCK22/SES223/SA223S25	SES143	-0.219116	3.19526	3.41438
BLOCK22/SES223/SA223S25	SES175	0.360588	3.77497	3.41438
BLOCK22/SES223/SA223S25	SES187	-0.467096	2.94728	3.41438
BLOCK22/SES223/SA223S27	SES143	0.0429912	3.43467	3.39168
BLOCK22/SES223/SA223S27	SES146	-0.904776	2.4869	3.39168
BLOCK22/SES223/SA223S27	SES187	-0.758657	2.63302	3.39168
BLOCK22/SES223/SA223S27	SES292	0.338726	3.73041	3.39168
BLOCK27/SES273/SA273S12	SES099	0.492309	3.57434	3.08203
BLOCK27/SES273/SA273S12	SES104	0.0319254	3.11395	3.08203
BLOCK27/SES273/SA273S12	SES125	-0.290401	2.79163	3.08203
BLOCK27/SES273/SA273S12	SES206	0.502538	3.58457	3.08203
BLOCK27/SES273/SA273S13	SES099	0.553465	3.87998	3.32651
BLOCK27/SES273/SA273S13	SES104	-0.49527	2.83125	3.32651
BLOCK27/SES273/SA273S13	SES206	-0.00429463	3.32222	3.32651
BLOCK27/SES273/SA273S13	SES292	0.180662	3.50718	3.32651
BLOCK27/SES273/SA273S21	SES099	0.514483	3.6863	3.17181
BLOCK27/SES273/SA273S21	SES148	-0.883419	2.28839	3.17181
BLOCK27/SES273/SA273S21	SES149	-0.684627	2.48719	3.17181
BLOCK27/SES273/SA273S21	SES177	-0.342017	2.8298	3.17181
BLOCK27/SES273/SA273S25	SES104	-0.297982	2.35146	2.64944
BLOCK27/SES273/SA273S25	SES125	-0.652309	1.99713	2.64944
BLOCK27/SES273/SA273S25	SES158	0.381058	3.0305	2.64944
BLOCK27/SES273/SA273S25	SES206	-0.0559101	2.59353	2.64944
BLOCK27/SES273/SA273S27	SES099	0.286305	4.05165	3.76534
BLOCK27/SES273/SA273S27	SES104	-1.00587	2.75947	3.76534
BLOCK27/SES273/SA273S27	SES149	-0.152843	3.6125	3.76534
BLOCK27/SES273/SA273S27	SES275	-0.551296	3.21405	3.76534
BLOCK27/SES274/SA274S10	SES105	-0.913184	2.64237	3.55556
BLOCK27/SES274/SA274S10	SES125	-0.939723	2.61583	3.55556
BLOCK27/SES274/SA274S10	SES129	0.592682	4.14824	3.55556
BLOCK27/SES274/SA274S10	SES158	-2.37647	1.17909	3.55556
BLOCK27/SES274/SA274S11	SES105	0.160672	3.33953	3.17886
BLOCK27/SES274/SA274S11	SES149	-0.433963	2.74489	3.17886
BLOCK27/SES274/SA274S11	SES158	-0.260136	2.91872	3.17886
BLOCK27/SES274/SA274S11	SES275	0.810803	3.98966	3.17886
BLOCK27/SES274/SA274S21	SES105	-0.815795	2.79351	3.60931
BLOCK27/SES274/SA274S21	SES129	0.870703	4.48001	3.60931
BLOCK27/SES274/SA274S21	SES149	-0.221305	3.388	3.60931
BLOCK27/SES274/SA274S21	SES158	-2.15771	1.4516	3.60931
BLOCK27/SES274/SA274S24	SES105	-0.631358	3.04617	3.67753
BLOCK27/SES274/SA274S24	SES129	1.1408	4.81833	3.67753
BLOCK27/SES274/SA274S24	SES149	-0.842265	2.83526	3.67753
BLOCK27/SES274/SA274S24	SES158	-2.61235	1.06518	3.67753
BLOCK27/SES274/SA274S29	SES105	-0.853163	2.35043	3.2036
BLOCK27/SES274/SA274S29	SES106	-1.72201	1.48159	3.2036
BLOCK27/SES274/SA274S29	SES120	-0.160913	3.04268	3.2036
BLOCK27/SES274/SA274S29	SES275	0.102726	3.30632	3.2036
BLOCK27/SES276/SA276S16	SES148	0.207683	3.33516	3.12747
BLOCK27/SES276/SA276S16	SES172	0.714685	3.84216	3.12747
BLOCK27/SES276/SA276S16	SES180	0.0865057	3.21398	3.12747
BLOCK27/SES276/SA276S16	SES292	0.632326	3.7598	3.12747
BLOCK27/SES276/SA276S17	SES101	0.169843	3.23699	3.06714
BLOCK27/SES276/SA276S17	SES177	-0.217098	2.85005	3.06714
BLOCK27/SES276/SA276S17	SES180	0.116239	3.18338	3.06714
BLOCK27/SES276/SA276S17	SES292	0.281374	3.34852	3.06714
BLOCK27/SES276/SA276S24	SES101	0.757889	4.58701	3.82912
BLOCK27/SES276/SA276S24	SES177	0.527352	4.35647	3.82912
BLOCK27/SES276/SA276S24	SES180	-0.365016	3.4641	3.82912
BLOCK27/SES276/SA276S24	SES292	-0.571777	3.25734	3.82912
BLOCK27/SES276/SA276S26	SES101	0.240675	3.82211	3.58143
BLOCK27/SES276/SA276S26	SES177	1.40578	4.98721	3.58143
BLOCK27/SES276/SA276S26	SES180	1.86782	5.44926	3.58143
BLOCK27/SES276/SA276S26	SES292	1.70471	5.28615	3.58143
BLOCK27/SES276/SA276S28	SES101	0.780132	4.7001	3.91997
BLOCK27/SES276/SA276S28	SES177	0.425823	4.3458	3.91997
BLOCK27/SES276/SA276S28	SES180	1.31839	5.23837	3.91997
BLOCK27/SES276/SA276S28	SES292	0.682405	4.60238	3.91997
BLOCK27/SES277/SA277S12	SES101	0.346616	3.02796	2.68135
BLOCK27/SES277/SA277S12	SES177	-0.64337	2.03798	2.68135
BLOCK27/SES277/SA277S12	SES180	-0.777438	1.90391	2.68135
BLOCK27/SES277/SA277S12	SES292	-1.15629	1.52506	2.68135
BLOCK27/SES277/SA277S14	SES177	0.300115	2.80844	2.50833
BLOCK27/SES277/SA277S14	SES180	-1.63324	0.875087	2.50833
BLOCK27/SES277/SA277S14	SES189	0.718097	3.22642	2.50833
BLOCK27/SES277/SA277S14	SES292	-1.29939	1.20894	2.50833
BLOCK27/SES277/SA277S21	SES177	0.742695	3.93482	3.19213
BLOCK27/SES277/SA277S21	SES180	-0.442324	2.7498	3.19213
BLOCK27/SES277/SA277S21	SES189	0.647461	3.83959	3.19213
BLOCK27/SES277/SA277S21	SES292	-1.09788	2.09425	3.19213
BLOCK27/SES277/SA277S24	SES144	-1.15818	1.20183	2.36
BLOCK27/SES277/SA277S24	SES177	-0.0849416	2.27506	2.36
BLOCK27/SES277/SA277S24	SES180	-1.70718	0.652825	2.36
BLOCK27/SES277/SA277S24	SES189	0.0348492	2.39485	2.36
BLOCK27/SES277/SA277S29	SES177	0.677526	4.65535	3.97782
BLOCK27/SES277/SA277S29	SES180	-0.0985324	3.87929	3.97782
BLOCK27/SES277/SA277S29	SES202	0.604774	4.58259	3.97782
BLOCK27/SES277/SA277S29	SES292	-0.691406	3.28641	3.97782
BLOCK27/SES279/SA279S09	SES120	-0.236534	2.38337	2.61991
BLOCK27/SES279/SA279S09	SES146	-0.945266	1.67464	2.61991
BLOCK27/SES279/SA279S09	SES206	0.00334287	2.62325	2.61991
BLOCK27/SES279/SA279S09	SES226	-1.10022	1.51969	2.61991
BLOCK27/SES279/SA279S10	SES099	0.832221	3.77298	2.94075
BLOCK27/SES279/SA279S10	SES206	0.589092	3.52985	2.94075
BLOCK27/SES279/SA279S10	SES226	-0.397244	2.54351	2.94075
BLOCK27/SES279/SA279S10	SES292	0.75888	3.69964	2.94075
BLOCK27/SES279/SA279S20	SES099	-0.339406	2.21198	2.55139
BLOCK27/SES279/SA279S20	SES206	0.588988	3.14037	2.55139
BLOCK27/SES279/SA279S20	SES226	-0.304392	2.24699	2.55139
BLOCK27/SES279/SA279S20	SES292	0.993327	3.54471	2.55139
BLOCK27/SES279/SA279S26	SES099	1.0082	3.10978	2.10158
BLOCK27/SES279/SA279S26	SES206	1.74919	3.85076	2.10158
BLOCK27/SES279/SA279S26	SES226	-0.0616789	2.0399	2.10158
BLOCK27/SES279/SA279S26	SES292	1.15555	3.25713	2.10158
BLOCK27/SES279/SA279S28	SES099	0.609971	4.88742	4.27744
BLOCK27/SES279/SA279S28	SES120	0.846695	5.12414	4.27744
BLOCK27/SES279/SA279S28	SES177	0.502275	4.77972	4.27744
BLOCK27/SES279/SA279S28	SES206	0.873199	5.15064	4.27744
BLOCK29/SES290/SA290S12	SES162	0.867181	4.87078	4.0036
BLOCK29/SES290/SA290S12	SES177	0.768507	4.77211	4.0036
BLOCK29/SES290/SA290S12	SES180	0.14935	4.15295	4.0036
BLOCK29/SES290/SA290S12	SES292	0.0367365	4.04033	4.0036
BLOCK29/SES290/SA290S13	SES007	0.63932	4.19858	3.55926
BLOCK29/SES290/SA290S13	SES162	-0.188808	3.37045	3.55926
BLOCK29/SES290/SA290S13	SES177	0.805517	4.36477	3.55926
BLOCK29/SES290/SA290S13	SES180	0.411413	3.97067	3.55926
BLOCK29/SES290/SA290S22	SES177	0.805063	4.47012	3.66506
BLOCK29/SES290/SA290S22	SES180	0.417971	4.08303	3.66506
BLOCK29/SES290/SA290S22	SES202	0.610496	4.27556	3.66506
BLOCK29/SES290/SA290S22	SES292	0.264281	3.92934	3.66506
BLOCK29/SES290/SA290S25	SES162	0.342875	4.75171	4.40883
BLOCK29/SES290/SA290S25	SES177	0.309797	4.71863	4.40883
BLOCK29/SES290/SA290S25	SES180	0.118775	4.52761	4.40883
BLOCK29/SES290/SA290S25	SES292	0.322533	4.73137	4.40883
BLOCK29/SES290/SA290S29	SES177	1.05336	4.97717	3.92381
BLOCK29/SES290/SA290S29	SES180	0.654083	4.57789	3.92381
BLOCK29/SES290/SA290S29	SES275	0.368796	4.2926	3.92381
BLOCK29/SES290/SA290S29	SES292	0.54098	4.46479	3.92381
BLOCK29/SES291/SA291S11	SES105	-1.07662	0.0706602	1.14728
BLOCK29/SES291/SA291S11	SES125	0.61709	1.76437	1.14728
BLOCK29/SES291/SA291S11	SES158	0.421415	1.5687	1.14728
BLOCK29/SES291/SA291S11	SES275	-0.902135	0.245149	1.14728
BLOCK29/SES291/SA291S12	SES158	2.36869	3.16704	0.798359
BLOCK29/SES291/SA291S12	SES226	-0.0766118	0.721748	0.798359
BLOCK29/SES291/SA291S12	SES270	1.81206	2.61042	0.798359
BLOCK29/SES291/SA291S12	SES275	-1.47474	-0.676376	0.798359
BLOCK29/SES291/SA291S22	SES082	0.641983	2.65415	2.01217
BLOCK29/SES291/SA291S22	SES158	0.707653	2.71982	2.01217
BLOCK29/SES291/SA291S22	SES259	0.00461721	2.01679	2.01217
BLOCK29/SES291/SA291S22	SES275	-0.670774	1.3414	2.01217
BLOCK29/SES291/SA291S24	SES104	1.34064	3.92539	2.58475
BLOCK29/SES291/SA291S24	SES125	0.468215	3.05296	2.58475
BLOCK29/SES291/SA291S24	SES158	1.27238	3.85713	2.58475
BLOCK29/SES291/SA291S24	SES275	-0.868285	1.71646	2.58475
BLOCK29/SES291/SA291S27	SES158	1.63637	3.79888	2.16251
BLOCK29/SES291/SA291S27	SES172	-1.23044	0.932073	2.16251
BLOCK29/SES291/SA291S27	SES275	-0.990318	1.17219	2.16251
BLOCK29/SES291/SA291S27	SES292	0.636709	2.79922	2.16251
